Design Assistant report for addtion1
Wed Oct 31 13:41:41 2018
Quartus Prime Version 18.0.0 Build 614 04/24/2018 SJ Lite Edition


---------------------
; Table of Contents ;
---------------------
  1. Legal Notice
  2. Design Assistant Summary
  3. Design Assistant Settings
  4. Medium Violations
  5. Information only Violations
  6. Design Assistant Messages



----------------
; Legal Notice ;
----------------
Copyright (C) 2018  Intel Corporation. All rights reserved.
Your use of Intel Corporation's design tools, logic functions 
and other software and tools, and its AMPP partner logic 
functions, and any output files from any of the foregoing 
(including device programming or simulation files), and any 
associated documentation or information are expressly subject 
to the terms and conditions of the Intel Program License 
Subscription Agreement, the Intel Quartus Prime License Agreement,
the Intel FPGA IP License Agreement, or other applicable license
agreement, including, without limitation, that your use is for
the sole purpose of programming logic devices manufactured by
Intel and sold by Intel or its authorized distributors.  Please
refer to the applicable agreement for further details.



+-------------------------------------------------------------------------+
; Design Assistant Summary                                                ;
+-----------------------------------+-------------------------------------+
; Design Assistant Status           ; Analyzed - Wed Oct 31 13:41:41 2018 ;
; Revision Name                     ; addtion1                            ;
; Top-level Entity Name             ; addtion1                            ;
; Family                            ; Cyclone IV E                        ;
; Total Critical Violations         ; 0                                   ;
; Total High Violations             ; 0                                   ;
; Total Medium Violations           ; 1                                   ;
; - Rule C104                       ; 1                                   ;
; Total Information only Violations ; 50                                  ;
; - Rule T102                       ; 50                                  ;
+-----------------------------------+-------------------------------------+


+------------------------------------------------------------------------------------------------------------------------------------------------------------------------------------------+
; Design Assistant Settings                                                                                                                                                                ;
+----------------------------------------------------------------------------------------------------------------------------------------------------------------------+--------------+----+
; Option                                                                                                                                                               ; Setting      ; To ;
+----------------------------------------------------------------------------------------------------------------------------------------------------------------------+--------------+----+
; Design Assistant mode                                                                                                                                                ; Post-Fitting ;    ;
; Threshold value for clock net not mapped to clock spines rule                                                                                                        ; 25           ;    ;
; Minimum number of clock port feed by gated clocks                                                                                                                    ; 30           ;    ;
; Minimum number of node fan-out                                                                                                                                       ; 30           ;    ;
; Maximum number of nodes to report                                                                                                                                    ; 50           ;    ;
; Rule C101: Gated clock should be implemented according to the Intel FPGA standard scheme                                                                             ; On           ;    ;
; Rule C102: Logic cell should not be used to generate an inverted clock signal                                                                                        ; On           ;    ;
; Rule C103: Gated clock does not feed at least a pre-defined number of clock ports to effectively save power                                                          ; On           ;    ;
; Rule C104: Clock signal source should drive only clock input ports                                                                                                   ; On           ;    ;
; Rule C105: Clock signal should be a global signal                                                                                                                    ; On           ;    ;
; Rule C106: Clock signal source should not drive registers triggered by different clock edges                                                                         ; On           ;    ;
; Rule R101: Combinational logic used as a reset signal should be synchronized                                                                                         ; On           ;    ;
; Rule R102: External reset signals should be synchronized using two cascaded registers                                                                                ; On           ;    ;
; Rule R103: External reset signal should be correctly synchronized                                                                                                    ; On           ;    ;
; Rule R104: The reset signal that is generated in one clock domain and used in another clock domain should be correctly synchronized                                  ; On           ;    ;
; Rule R105: The reset signal that is generated in one clock domain and used in another clock domain should be synchronized                                            ; On           ;    ;
; Rule T101: Nodes with more than the specified number of fan-outs                                                                                                     ; On           ;    ;
; Rule T102: Top nodes with the highest number of fan-outs                                                                                                             ; On           ;    ;
; Rule A101: Design should not contain combinational loops                                                                                                             ; On           ;    ;
; Rule A102: Register output should not drive its own control signal directly or through combinational logic                                                           ; On           ;    ;
; Rule A103: Design should not contain delay chains                                                                                                                    ; On           ;    ;
; Rule A104: Design should not contain ripple clock structures                                                                                                         ; On           ;    ;
; Rule A105: Pulses should not be implemented asynchronously                                                                                                           ; On           ;    ;
; Rule A106: Multiple pulses should not be generated in design                                                                                                         ; On           ;    ;
; Rule A107: Design should not contain SR latches                                                                                                                      ; On           ;    ;
; Rule A108: Design should not contain latches                                                                                                                         ; On           ;    ;
; Rule S101: Output enable and input of the same tri-state node should not be driven by same signal source                                                             ; On           ;    ;
; Rule S102: Synchronous port and asynchronous port of the same register should not be driven by the same signal source                                                ; On           ;    ;
; Rule S103: More than one asynchronous port of a register should not be driven by the same signal source                                                              ; On           ;    ;
; Rule S104: Clock port and any other port of a register should not be driven by the same signal source                                                                ; On           ;    ;
; Rule D101: Data bits are not synchronized when transferred between asynchronous clock domains                                                                        ; On           ;    ;
; Rule D102: Multiple data bits that are transferred across asynchronous clock domains are synchronized, but not all bits may be aligned in the receiving clock domain ; On           ;    ;
; Rule D103: Data bits are not correctly synchronized when transferred between asynchronous clock domains                                                              ; On           ;    ;
+----------------------------------------------------------------------------------------------------------------------------------------------------------------------+--------------+----+


+----------------------------------------------------------------------------------------+
; Medium Violations                                                                      ;
+--------------------------------------------------------------------+-------------------+
; Rule name                                                          ; Name              ;
+--------------------------------------------------------------------+-------------------+
; Rule C104: Clock signal source should drive only clock input ports ; div_count[10]     ;
;  Clock ports destination node(s) list                              ; digit_seg[1]~reg0 ;
;  Clock ports destination node(s) list                              ; digit             ;
;  Clock ports destination node(s) list                              ; digit_seg[2]~reg0 ;
;  Clock ports destination node(s) list                              ; digit_seg[3]~reg0 ;
;  Clock ports destination node(s) list                              ; digit_seg[4]~reg0 ;
;  Clock ports destination node(s) list                              ; digit_seg[5]~reg0 ;
;  Clock ports destination node(s) list                              ; digit_seg[6]~reg0 ;
;  Clock ports destination node(s) list                              ; digit_seg[7]~reg0 ;
;  Non-clock ports destination node(s) list                          ; div_count[10]~28  ;
+--------------------------------------------------------------------+-------------------+


+--------------------------------------------------------------------------------------------+
; Information only Violations                                                                ;
+----------------------------------------------------------+-----------------------+---------+
; Rule name                                                ; Name                  ; Fan-Out ;
+----------------------------------------------------------+-----------------------+---------+
; Rule T102: Top nodes with the highest number of fan-outs ; digit                 ; 22      ;
; Rule T102: Top nodes with the highest number of fan-outs ; add:f4|Add1~0         ; 20      ;
; Rule T102: Top nodes with the highest number of fan-outs ; add:f2|Add1~0         ; 18      ;
; Rule T102: Top nodes with the highest number of fan-outs ; add:f3|Add1~0         ; 14      ;
; Rule T102: Top nodes with the highest number of fan-outs ; add:f1|Add1~0         ; 14      ;
; Rule T102: Top nodes with the highest number of fan-outs ; add:f4|Add1~1         ; 11      ;
; Rule T102: Top nodes with the highest number of fan-outs ; clk~inputclkctrl      ; 11      ;
; Rule T102: Top nodes with the highest number of fan-outs ; div_count[10]~clkctrl ; 8       ;
; Rule T102: Top nodes with the highest number of fan-outs ; add:f1|Add1~1         ; 6       ;
; Rule T102: Top nodes with the highest number of fan-outs ; add:f2|Add1~1         ; 4       ;
; Rule T102: Top nodes with the highest number of fan-outs ; add:f3|Add1~1         ; 4       ;
; Rule T102: Top nodes with the highest number of fan-outs ; add:f4|Add0~0         ; 3       ;
; Rule T102: Top nodes with the highest number of fan-outs ; Mux6~3                ; 3       ;
; Rule T102: Top nodes with the highest number of fan-outs ; div_count[10]         ; 2       ;
; Rule T102: Top nodes with the highest number of fan-outs ; div_count[0]          ; 2       ;
; Rule T102: Top nodes with the highest number of fan-outs ; Mux6~21               ; 2       ;
; Rule T102: Top nodes with the highest number of fan-outs ; Mux6~16               ; 2       ;
; Rule T102: Top nodes with the highest number of fan-outs ; Mux6~17               ; 2       ;
; Rule T102: Top nodes with the highest number of fan-outs ; Mux6~18               ; 2       ;
; Rule T102: Top nodes with the highest number of fan-outs ; add:f2|Add0~0         ; 2       ;
; Rule T102: Top nodes with the highest number of fan-outs ; Mux1~0                ; 2       ;
; Rule T102: Top nodes with the highest number of fan-outs ; div_count[8]~25       ; 1       ;
; Rule T102: Top nodes with the highest number of fan-outs ; div_count[7]~23       ; 1       ;
; Rule T102: Top nodes with the highest number of fan-outs ; div_count[9]          ; 1       ;
; Rule T102: Top nodes with the highest number of fan-outs ; div_count[6]~21       ; 1       ;
; Rule T102: Top nodes with the highest number of fan-outs ; Mux6~11               ; 1       ;
; Rule T102: Top nodes with the highest number of fan-outs ; div_count[5]~19       ; 1       ;
; Rule T102: Top nodes with the highest number of fan-outs ; div_count[9]~26       ; 1       ;
; Rule T102: Top nodes with the highest number of fan-outs ; div_count[4]~17       ; 1       ;
; Rule T102: Top nodes with the highest number of fan-outs ; div_count[8]          ; 1       ;
; Rule T102: Top nodes with the highest number of fan-outs ; Mux6~7                ; 1       ;
; Rule T102: Top nodes with the highest number of fan-outs ; div_count[2]~13       ; 1       ;
; Rule T102: Top nodes with the highest number of fan-outs ; cinb[2]               ; 1       ;
; Rule T102: Top nodes with the highest number of fan-outs ; div_count[1]~11       ; 1       ;
; Rule T102: Top nodes with the highest number of fan-outs ; div_count[1]          ; 1       ;
; Rule T102: Top nodes with the highest number of fan-outs ; div_count[1]~10       ; 1       ;
; Rule T102: Top nodes with the highest number of fan-outs ; Mux6~2                ; 1       ;
; Rule T102: Top nodes with the highest number of fan-outs ; digit_seg[1]~reg0     ; 1       ;
; Rule T102: Top nodes with the highest number of fan-outs ; div_count[0]~30       ; 1       ;
; Rule T102: Top nodes with the highest number of fan-outs ; cinb[0]               ; 1       ;
; Rule T102: Top nodes with the highest number of fan-outs ; cina[2]               ; 1       ;
; Rule T102: Top nodes with the highest number of fan-outs ; Mux5~1                ; 1       ;
; Rule T102: Top nodes with the highest number of fan-outs ; div_count[3]~15       ; 1       ;
; Rule T102: Top nodes with the highest number of fan-outs ; cina[0]               ; 1       ;
; Rule T102: Top nodes with the highest number of fan-outs ; clk                   ; 1       ;
; Rule T102: Top nodes with the highest number of fan-outs ; Mux6~8                ; 1       ;
; Rule T102: Top nodes with the highest number of fan-outs ; Mux6~5                ; 1       ;
; Rule T102: Top nodes with the highest number of fan-outs ; div_count[2]          ; 1       ;
; Rule T102: Top nodes with the highest number of fan-outs ; Mux6~6                ; 1       ;
; Rule T102: Top nodes with the highest number of fan-outs ; div_count[2]~12       ; 1       ;
+----------------------------------------------------------+-----------------------+---------+


+---------------------------+
; Design Assistant Messages ;
+---------------------------+
Info: *******************************************************************
Info: Running Quartus Prime Design Assistant
    Info: Version 18.0.0 Build 614 04/24/2018 SJ Lite Edition
    Info: Processing started: Wed Oct 31 13:41:38 2018
Info: Command: quartus_drc addtion1 -c addtion1
Warning (18236): Number of processors has not been specified which may cause overloading on shared machines.  Set the global assignment NUM_PARALLEL_PROCESSORS in your QSF to an appropriate value for best performance.
Critical Warning (332012): Synopsys Design Constraints File file not found: 'addtion1.sdc'. A Synopsys Design Constraints File is required by the Timing Analyzer to get proper timing constraints. Without it, the Compiler will not properly optimize the design.
Info (332144): No user constrained base clocks found in the design
Info (332143): No user constrained clock uncertainty found in the design. Calling "derive_clock_uncertainty"
Info (332123): Deriving Clock Uncertainty. Please refer to report_sdc in the Timing Analyzer to see clock uncertainties.
Warning (308040): (Medium) Rule C104: Clock signal source should drive only clock input ports. Found 1 nodes related to this rule.
    Warning (308010): Node  "div_count[10]" File: D:/intelFPGA_lite/18.0/addition1/addtion1.v Line: 12
Info (308044): (Information) Rule T102: Top nodes with the highest number of fan-outs. (Value defined:50). Found 50 node(s) with highest fan-out.
    Info (308011): Node  "digit" File: D:/intelFPGA_lite/18.0/addition1/addtion1.v Line: 26
    Info (308011): Node  "add:f4|Add1~0" File: D:/intelFPGA_lite/18.0/addition1/addtion1.v Line: 272
    Info (308011): Node  "add:f2|Add1~0" File: D:/intelFPGA_lite/18.0/addition1/addtion1.v Line: 272
    Info (308011): Node  "add:f3|Add1~0" File: D:/intelFPGA_lite/18.0/addition1/addtion1.v Line: 272
    Info (308011): Node  "add:f1|Add1~0" File: D:/intelFPGA_lite/18.0/addition1/addtion1.v Line: 272
    Info (308011): Node  "add:f4|Add1~1" File: D:/intelFPGA_lite/18.0/addition1/addtion1.v Line: 272
    Info (308011): Node  "clk~inputclkctrl" File: D:/intelFPGA_lite/18.0/addition1/addtion1.v Line: 3
    Info (308011): Node  "div_count[10]~clkctrl" File: D:/intelFPGA_lite/18.0/addition1/addtion1.v Line: 12
    Info (308011): Node  "add:f1|Add1~1" File: D:/intelFPGA_lite/18.0/addition1/addtion1.v Line: 272
    Info (308011): Node  "add:f2|Add1~1" File: D:/intelFPGA_lite/18.0/addition1/addtion1.v Line: 272
    Info (308011): Node  "add:f3|Add1~1" File: D:/intelFPGA_lite/18.0/addition1/addtion1.v Line: 272
    Info (308011): Node  "add:f4|Add0~0" File: D:/intelFPGA_lite/18.0/addition1/addtion1.v Line: 272
    Info (308011): Node  "Mux6~3" File: D:/intelFPGA_lite/18.0/addition1/addtion1.v Line: 35
    Info (308011): Node  "div_count[10]" File: D:/intelFPGA_lite/18.0/addition1/addtion1.v Line: 12
    Info (308011): Node  "div_count[0]" File: D:/intelFPGA_lite/18.0/addition1/addtion1.v Line: 12
    Info (308011): Node  "Mux6~21" File: D:/intelFPGA_lite/18.0/addition1/addtion1.v Line: 35
    Info (308011): Node  "Mux6~16" File: D:/intelFPGA_lite/18.0/addition1/addtion1.v Line: 35
    Info (308011): Node  "Mux6~17" File: D:/intelFPGA_lite/18.0/addition1/addtion1.v Line: 35
    Info (308011): Node  "Mux6~18" File: D:/intelFPGA_lite/18.0/addition1/addtion1.v Line: 35
    Info (308011): Node  "add:f2|Add0~0" File: D:/intelFPGA_lite/18.0/addition1/addtion1.v Line: 272
    Info (308011): Node  "Mux1~0" File: D:/intelFPGA_lite/18.0/addition1/addtion1.v Line: 35
    Info (308011): Node  "div_count[8]~25" File: D:/intelFPGA_lite/18.0/addition1/addtion1.v Line: 12
    Info (308011): Node  "div_count[7]~23" File: D:/intelFPGA_lite/18.0/addition1/addtion1.v Line: 12
    Info (308011): Node  "div_count[9]" File: D:/intelFPGA_lite/18.0/addition1/addtion1.v Line: 12
    Info (308011): Node  "div_count[6]~21" File: D:/intelFPGA_lite/18.0/addition1/addtion1.v Line: 12
    Info (308011): Node  "Mux6~11" File: D:/intelFPGA_lite/18.0/addition1/addtion1.v Line: 35
    Info (308011): Node  "div_count[5]~19" File: D:/intelFPGA_lite/18.0/addition1/addtion1.v Line: 12
    Info (308011): Node  "div_count[9]~26" File: D:/intelFPGA_lite/18.0/addition1/addtion1.v Line: 12
    Info (308011): Node  "div_count[4]~17" File: D:/intelFPGA_lite/18.0/addition1/addtion1.v Line: 12
    Info (308011): Node  "div_count[8]" File: D:/intelFPGA_lite/18.0/addition1/addtion1.v Line: 12
    Info (308002): Truncated list of Design Assistant messages to 30 messages. Go to sections under Design Assistant section of Compilation Report for complete lists of Design Assistant messages generated.
Info (308007): Design Assistant information: finished post-fitting analysis of current design -- generated 50 information messages and 1 warning messages
Info: Quartus Prime Design Assistant was successful. 0 errors, 4 warnings
    Info: Peak virtual memory: 4650 megabytes
    Info: Processing ended: Wed Oct 31 13:41:41 2018
    Info: Elapsed time: 00:00:03
    Info: Total CPU time (on all processors): 00:00:03


