Analysis & Synthesis report for maze
Fri Dec 28 08:08:26 2018
Quartus Prime Version 18.0.0 Build 614 04/24/2018 SJ Lite Edition


---------------------
; Table of Contents ;
---------------------
  1. Legal Notice
  2. Analysis & Synthesis Summary
  3. Analysis & Synthesis Settings
  4. Parallel Compilation
  5. Analysis & Synthesis Source Files Read
  6. Analysis & Synthesis Resource Usage Summary
  7. Analysis & Synthesis Resource Utilization by Entity
  8. Registers Removed During Synthesis
  9. Removed Registers Triggering Further Register Optimizations
 10. General Register Statistics
 11. Inverted Register Statistics
 12. Multiplexer Restructuring Statistics (Restructuring Performed)
 13. Parameter Settings for User Entity Instance: lattice_on:l1|debounce:c1
 14. Port Connectivity Checks: "digit_tube:l2|sw:b2"
 15. Port Connectivity Checks: "lattice_on:l1"
 16. Port Connectivity Checks: "countdown:l3"
 17. Analysis & Synthesis Messages
 18. Analysis & Synthesis Suppressed Messages



----------------
; Legal Notice ;
----------------
Copyright (C) 2018  Intel Corporation. All rights reserved.
Your use of Intel Corporation's design tools, logic functions 
and other software and tools, and its AMPP partner logic 
functions, and any output files from any of the foregoing 
(including device programming or simulation files), and any 
associated documentation or information are expressly subject 
to the terms and conditions of the Intel Program License 
Subscription Agreement, the Intel Quartus Prime License Agreement,
the Intel FPGA IP License Agreement, or other applicable license
agreement, including, without limitation, that your use is for
the sole purpose of programming logic devices manufactured by
Intel and sold by Intel or its authorized distributors.  Please
refer to the applicable agreement for further details.



+---------------------------------------------------------------------------+
; Analysis & Synthesis Summary                                              ;
+-----------------------------+---------------------------------------------+
; Analysis & Synthesis Status ; Successful - Fri Dec 28 08:08:26 2018       ;
; Quartus Prime Version       ; 18.0.0 Build 614 04/24/2018 SJ Lite Edition ;
; Revision Name               ; maze                                        ;
; Top-level Entity Name       ; maze                                        ;
; Family                      ; MAX II                                      ;
; Total logic elements        ; 507                                         ;
; Total pins                  ; 47                                          ;
; Total virtual pins          ; 0                                           ;
; UFM blocks                  ; 0 / 1 ( 0 % )                               ;
+-----------------------------+---------------------------------------------+


+------------------------------------------------------------------------------------------------------------+
; Analysis & Synthesis Settings                                                                              ;
+------------------------------------------------------------------+--------------------+--------------------+
; Option                                                           ; Setting            ; Default Value      ;
+------------------------------------------------------------------+--------------------+--------------------+
; Device                                                           ; EPM1270T144C5      ;                    ;
; Top-level entity name                                            ; maze               ; maze               ;
; Family name                                                      ; MAX II             ; Cyclone V          ;
; Use smart compilation                                            ; Off                ; Off                ;
; Enable parallel Assembler and Timing Analyzer during compilation ; On                 ; On                 ;
; Enable compact report table                                      ; Off                ; Off                ;
; Restructure Multiplexers                                         ; Auto               ; Auto               ;
; Create Debugging Nodes for IP Cores                              ; Off                ; Off                ;
; Preserve fewer node names                                        ; On                 ; On                 ;
; Intel FPGA IP Evaluation Mode                                    ; Enable             ; Enable             ;
; Verilog Version                                                  ; Verilog_2001       ; Verilog_2001       ;
; VHDL Version                                                     ; VHDL_1993          ; VHDL_1993          ;
; State Machine Processing                                         ; Auto               ; Auto               ;
; Safe State Machine                                               ; Off                ; Off                ;
; Extract Verilog State Machines                                   ; On                 ; On                 ;
; Extract VHDL State Machines                                      ; On                 ; On                 ;
; Ignore Verilog initial constructs                                ; Off                ; Off                ;
; Iteration limit for constant Verilog loops                       ; 5000               ; 5000               ;
; Iteration limit for non-constant Verilog loops                   ; 250                ; 250                ;
; Add Pass-Through Logic to Inferred RAMs                          ; On                 ; On                 ;
; Infer RAMs from Raw Logic                                        ; On                 ; On                 ;
; Parallel Synthesis                                               ; On                 ; On                 ;
; NOT Gate Push-Back                                               ; On                 ; On                 ;
; Power-Up Don't Care                                              ; On                 ; On                 ;
; Remove Redundant Logic Cells                                     ; Off                ; Off                ;
; Remove Duplicate Registers                                       ; On                 ; On                 ;
; Ignore CARRY Buffers                                             ; Off                ; Off                ;
; Ignore CASCADE Buffers                                           ; Off                ; Off                ;
; Ignore GLOBAL Buffers                                            ; Off                ; Off                ;
; Ignore ROW GLOBAL Buffers                                        ; Off                ; Off                ;
; Ignore LCELL Buffers                                             ; Off                ; Off                ;
; Ignore SOFT Buffers                                              ; On                 ; On                 ;
; Limit AHDL Integers to 32 Bits                                   ; Off                ; Off                ;
; Optimization Technique                                           ; Balanced           ; Balanced           ;
; Carry Chain Length                                               ; 70                 ; 70                 ;
; Auto Carry Chains                                                ; On                 ; On                 ;
; Auto Open-Drain Pins                                             ; On                 ; On                 ;
; Perform WYSIWYG Primitive Resynthesis                            ; Off                ; Off                ;
; Auto Shift Register Replacement                                  ; Auto               ; Auto               ;
; Allow Shift Register Merging across Hierarchies                  ; Auto               ; Auto               ;
; Auto Clock Enable Replacement                                    ; On                 ; On                 ;
; Allow Synchronous Control Signals                                ; On                 ; On                 ;
; Force Use of Synchronous Clear Signals                           ; Off                ; Off                ;
; Auto Resource Sharing                                            ; Off                ; Off                ;
; Use LogicLock Constraints during Resource Balancing              ; On                 ; On                 ;
; Ignore translate_off and synthesis_off directives                ; Off                ; Off                ;
; Report Parameter Settings                                        ; On                 ; On                 ;
; Report Source Assignments                                        ; On                 ; On                 ;
; Report Connectivity Checks                                       ; On                 ; On                 ;
; Ignore Maximum Fan-Out Assignments                               ; Off                ; Off                ;
; Synchronization Register Chain Length                            ; 2                  ; 2                  ;
; Power Optimization During Synthesis                              ; Normal compilation ; Normal compilation ;
; HDL message level                                                ; Level2             ; Level2             ;
; Suppress Register Optimization Related Messages                  ; Off                ; Off                ;
; Number of Removed Registers Reported in Synthesis Report         ; 5000               ; 5000               ;
; Number of Swept Nodes Reported in Synthesis Report               ; 5000               ; 5000               ;
; Number of Inverted Registers Reported in Synthesis Report        ; 100                ; 100                ;
; Clock MUX Protection                                             ; On                 ; On                 ;
; Block Design Naming                                              ; Auto               ; Auto               ;
; Synthesis Effort                                                 ; Auto               ; Auto               ;
; Shift Register Replacement - Allow Asynchronous Clear Signal     ; On                 ; On                 ;
; Analysis & Synthesis Message Level                               ; Medium             ; Medium             ;
; Disable Register Merging Across Hierarchies                      ; Auto               ; Auto               ;
+------------------------------------------------------------------+--------------------+--------------------+


+------------------------------------------+
; Parallel Compilation                     ;
+----------------------------+-------------+
; Processors                 ; Number      ;
+----------------------------+-------------+
; Number detected on machine ; 4           ;
; Maximum allowed            ; 4           ;
;                            ;             ;
; Average used               ; 1.00        ;
; Maximum used               ; 1           ;
;                            ;             ;
; Usage by Processor         ; % Time Used ;
;     Processor 1            ; 100.0%      ;
+----------------------------+-------------+


+----------------------------------------------------------------------------------------------------------------------------+
; Analysis & Synthesis Source Files Read                                                                                     ;
+----------------------------------+-----------------+------------------------+------------------------------------+---------+
; File Name with User-Entered Path ; Used in Netlist ; File Type              ; File Name with Absolute Path       ; Library ;
+----------------------------------+-----------------+------------------------+------------------------------------+---------+
; maze.v                           ; yes             ; User Verilog HDL File  ; D:/intelFPGA_lite/18.0/maze/maze.v ;         ;
+----------------------------------+-----------------+------------------------+------------------------------------+---------+


+-----------------------------------------------------+
; Analysis & Synthesis Resource Usage Summary         ;
+---------------------------------------------+-------+
; Resource                                    ; Usage ;
+---------------------------------------------+-------+
; Total logic elements                        ; 507   ;
;     -- Combinational with no register       ; 280   ;
;     -- Register only                        ; 63    ;
;     -- Combinational with a register        ; 164   ;
;                                             ;       ;
; Logic element usage by number of LUT inputs ;       ;
;     -- 4 input functions                    ; 201   ;
;     -- 3 input functions                    ; 48    ;
;     -- 2 input functions                    ; 175   ;
;     -- 1 input functions                    ; 16    ;
;     -- 0 input functions                    ; 4     ;
;                                             ;       ;
; Logic elements by mode                      ;       ;
;     -- normal mode                          ; 380   ;
;     -- arithmetic mode                      ; 127   ;
;     -- qfbk mode                            ; 0     ;
;     -- register cascade mode                ; 0     ;
;     -- synchronous clear/load mode          ; 55    ;
;     -- asynchronous clear/load mode         ; 48    ;
;                                             ;       ;
; Total registers                             ; 227   ;
; Total logic cells in carry chains           ; 134   ;
; I/O pins                                    ; 47    ;
; Maximum fan-out node                        ; clk   ;
; Maximum fan-out                             ; 175   ;
; Total fan-out                               ; 1820  ;
; Average fan-out                             ; 3.29  ;
+---------------------------------------------+-------+


+------------------------------------------------------------------------------------------------------------------------------------------------------------------------------------------------------------------------------------------------+
; Analysis & Synthesis Resource Utilization by Entity                                                                                                                                                                                            ;
+----------------------------+-------------+--------------+------------+------+--------------+--------------+-------------------+------------------+-----------------+------------+---------------------------------+-------------+--------------+
; Compilation Hierarchy Node ; Logic Cells ; LC Registers ; UFM Blocks ; Pins ; Virtual Pins ; LUT-Only LCs ; Register-Only LCs ; LUT/Register LCs ; Carry Chain LCs ; Packed LCs ; Full Hierarchy Name             ; Entity Name ; Library Name ;
+----------------------------+-------------+--------------+------------+------+--------------+--------------+-------------------+------------------+-----------------+------------+---------------------------------+-------------+--------------+
; |maze                      ; 507 (0)     ; 227          ; 0          ; 47   ; 0            ; 280 (0)      ; 63 (0)            ; 164 (0)          ; 134 (0)         ; 0 (0)      ; |maze                           ; maze        ; work         ;
;    |countdown:l3|          ; 86 (86)     ; 38           ; 0          ; 0    ; 0            ; 48 (48)      ; 19 (19)           ; 19 (19)          ; 37 (37)         ; 0 (0)      ; |maze|countdown:l3              ; countdown   ; work         ;
;    |digit_tube:l2|         ; 199 (164)   ; 87           ; 0          ; 0    ; 0            ; 112 (104)    ; 27 (26)           ; 60 (34)          ; 51 (32)         ; 0 (0)      ; |maze|digit_tube:l2             ; digit_tube  ; work         ;
;       |sw:b1|              ; 28 (28)     ; 21           ; 0          ; 0    ; 0            ; 7 (7)        ; 0 (0)             ; 21 (21)          ; 19 (19)         ; 0 (0)      ; |maze|digit_tube:l2|sw:b1       ; sw          ; work         ;
;       |two_ten:t1|         ; 7 (7)       ; 6            ; 0          ; 0    ; 0            ; 1 (1)        ; 1 (1)             ; 5 (5)            ; 0 (0)           ; 0 (0)      ; |maze|digit_tube:l2|two_ten:t1  ; two_ten     ; work         ;
;    |lattice_on:l1|         ; 222 (148)   ; 102          ; 0          ; 0    ; 0            ; 120 (104)    ; 17 (1)            ; 85 (43)          ; 46 (7)          ; 0 (0)      ; |maze|lattice_on:l1             ; lattice_on  ; work         ;
;       |debounce:c1|        ; 46 (46)     ; 36           ; 0          ; 0    ; 0            ; 10 (10)      ; 16 (16)           ; 20 (20)          ; 20 (20)         ; 0 (0)      ; |maze|lattice_on:l1|debounce:c1 ; debounce    ; work         ;
;       |sw:a1|              ; 1 (1)       ; 1            ; 0          ; 0    ; 0            ; 0 (0)        ; 0 (0)             ; 1 (1)            ; 0 (0)           ; 0 (0)      ; |maze|lattice_on:l1|sw:a1       ; sw          ; work         ;
;       |sw:a2|              ; 27 (27)     ; 21           ; 0          ; 0    ; 0            ; 6 (6)        ; 0 (0)             ; 21 (21)          ; 19 (19)         ; 0 (0)      ; |maze|lattice_on:l1|sw:a2       ; sw          ; work         ;
+----------------------------+-------------+--------------+------------+------+--------------+--------------+-------------------+------------------+-----------------+------------+---------------------------------+-------------+--------------+
Note: For table entries with two numbers listed, the numbers in parentheses indicate the number of resources of the given type used by the specific entity alone. The numbers listed outside of parentheses indicate the total resources of the given type used by the specific entity and all of its sub-entities in the hierarchy.


+-------------------------------------------------------------------------------------------+
; Registers Removed During Synthesis                                                        ;
+-----------------------------------------+-------------------------------------------------+
; Register name                           ; Reason for Removal                              ;
+-----------------------------------------+-------------------------------------------------+
; digit_tube:l2|two_ten:t1|ten[2,3]       ; Stuck at GND due to stuck port data_in          ;
; lattice_on:l1|terminal_point_col[3..7]  ; Stuck at GND due to stuck port data_in          ;
; lattice_on:l1|terminal_point_row[1,2]   ; Stuck at GND due to stuck port data_in          ;
; lattice_on:l1|map_row[0][3]             ; Stuck at VCC due to stuck port data_in          ;
; lattice_on:l1|map_row[0][4]             ; Stuck at VCC due to stuck port data_in          ;
; lattice_on:l1|map_row[0][5]             ; Stuck at VCC due to stuck port data_in          ;
; lattice_on:l1|map_row[0][6]             ; Stuck at VCC due to stuck port data_in          ;
; lattice_on:l1|map_row[0][7]             ; Stuck at VCC due to stuck port data_in          ;
; lattice_on:l1|map_row[1][5]             ; Stuck at GND due to stuck port data_in          ;
; lattice_on:l1|map_row[1][6]             ; Stuck at GND due to stuck port data_in          ;
; lattice_on:l1|map_row[2][0]             ; Stuck at VCC due to stuck port data_in          ;
; lattice_on:l1|map_row[2][2]             ; Stuck at VCC due to stuck port data_in          ;
; lattice_on:l1|map_row[2][7]             ; Stuck at VCC due to stuck port data_in          ;
; lattice_on:l1|map_row[3][0]             ; Stuck at VCC due to stuck port data_in          ;
; lattice_on:l1|map_row[3][1]             ; Stuck at GND due to stuck port data_in          ;
; lattice_on:l1|map_row[3][3]             ; Stuck at GND due to stuck port data_in          ;
; lattice_on:l1|map_row[4][0]             ; Stuck at VCC due to stuck port data_in          ;
; lattice_on:l1|map_row[4][1]             ; Stuck at GND due to stuck port data_in          ;
; lattice_on:l1|map_row[4][2]             ; Stuck at VCC due to stuck port data_in          ;
; lattice_on:l1|map_row[4][5]             ; Stuck at GND due to stuck port data_in          ;
; lattice_on:l1|map_row[5][0]             ; Stuck at VCC due to stuck port data_in          ;
; lattice_on:l1|map_row[5][1]             ; Stuck at GND due to stuck port data_in          ;
; lattice_on:l1|map_row[5][2]             ; Stuck at VCC due to stuck port data_in          ;
; lattice_on:l1|map_row[5][3]             ; Stuck at VCC due to stuck port data_in          ;
; lattice_on:l1|map_row[5][4]             ; Stuck at VCC due to stuck port data_in          ;
; lattice_on:l1|map_row[5][6]             ; Stuck at VCC due to stuck port data_in          ;
; lattice_on:l1|map_row[6][0]             ; Stuck at VCC due to stuck port data_in          ;
; lattice_on:l1|map_row[6][1]             ; Stuck at GND due to stuck port data_in          ;
; lattice_on:l1|map_row[6][2]             ; Stuck at GND due to stuck port data_in          ;
; lattice_on:l1|map_row[6][3]             ; Stuck at GND due to stuck port data_in          ;
; lattice_on:l1|map_row[6][4]             ; Stuck at GND due to stuck port data_in          ;
; lattice_on:l1|map_row[6][5]             ; Stuck at GND due to stuck port data_in          ;
; lattice_on:l1|map_row[6][7]             ; Stuck at GND due to stuck port data_in          ;
; lattice_on:l1|map_row[7][0]             ; Stuck at VCC due to stuck port data_in          ;
; lattice_on:l1|map_row[7][1]             ; Stuck at VCC due to stuck port data_in          ;
; lattice_on:l1|map_row[7][2]             ; Stuck at VCC due to stuck port data_in          ;
; lattice_on:l1|map_row[7][3]             ; Stuck at VCC due to stuck port data_in          ;
; lattice_on:l1|map_row[7][4]             ; Stuck at VCC due to stuck port data_in          ;
; lattice_on:l1|map_row[7][5]             ; Stuck at VCC due to stuck port data_in          ;
; lattice_on:l1|map_row[7][6]             ; Stuck at VCC due to stuck port data_in          ;
; lattice_on:l1|map_row[7][7]             ; Merged with lattice_on:l1|terminal_point_col[0] ;
; lattice_on:l1|map_row[6][6]             ; Merged with lattice_on:l1|terminal_point_col[0] ;
; lattice_on:l1|map_row[5][7]             ; Merged with lattice_on:l1|terminal_point_col[0] ;
; lattice_on:l1|map_row[5][5]             ; Merged with lattice_on:l1|terminal_point_col[0] ;
; lattice_on:l1|map_row[4][7]             ; Merged with lattice_on:l1|terminal_point_col[0] ;
; lattice_on:l1|map_row[4][6]             ; Merged with lattice_on:l1|terminal_point_col[0] ;
; lattice_on:l1|map_row[4][4]             ; Merged with lattice_on:l1|terminal_point_col[0] ;
; lattice_on:l1|map_row[4][3]             ; Merged with lattice_on:l1|terminal_point_col[0] ;
; lattice_on:l1|map_row[3][7]             ; Merged with lattice_on:l1|terminal_point_col[0] ;
; lattice_on:l1|map_row[3][6]             ; Merged with lattice_on:l1|terminal_point_col[0] ;
; lattice_on:l1|map_row[3][5]             ; Merged with lattice_on:l1|terminal_point_col[0] ;
; lattice_on:l1|map_row[3][4]             ; Merged with lattice_on:l1|terminal_point_col[0] ;
; lattice_on:l1|map_row[3][2]             ; Merged with lattice_on:l1|terminal_point_col[0] ;
; lattice_on:l1|map_row[2][6]             ; Merged with lattice_on:l1|terminal_point_col[0] ;
; lattice_on:l1|map_row[2][5]             ; Merged with lattice_on:l1|terminal_point_col[0] ;
; lattice_on:l1|map_row[2][4]             ; Merged with lattice_on:l1|terminal_point_col[0] ;
; lattice_on:l1|map_row[2][3]             ; Merged with lattice_on:l1|terminal_point_col[0] ;
; lattice_on:l1|map_row[2][1]             ; Merged with lattice_on:l1|terminal_point_col[0] ;
; lattice_on:l1|map_row[1][7]             ; Merged with lattice_on:l1|terminal_point_col[0] ;
; lattice_on:l1|map_row[1][4]             ; Merged with lattice_on:l1|terminal_point_col[0] ;
; lattice_on:l1|map_row[1][3]             ; Merged with lattice_on:l1|terminal_point_col[0] ;
; lattice_on:l1|map_row[1][2]             ; Merged with lattice_on:l1|terminal_point_col[0] ;
; lattice_on:l1|map_row[1][1]             ; Merged with lattice_on:l1|terminal_point_col[0] ;
; lattice_on:l1|map_row[1][0]             ; Merged with lattice_on:l1|terminal_point_col[0] ;
; lattice_on:l1|map_row[0][2]             ; Merged with lattice_on:l1|terminal_point_col[0] ;
; lattice_on:l1|map_row[0][1]             ; Merged with lattice_on:l1|terminal_point_col[0] ;
; lattice_on:l1|map_row[0][0]             ; Merged with lattice_on:l1|terminal_point_col[0] ;
; lattice_on:l1|start_point_row[0..2]     ; Merged with lattice_on:l1|terminal_point_col[0] ;
; lattice_on:l1|start_point_col[0..2]     ; Merged with lattice_on:l1|terminal_point_col[0] ;
; lattice_on:l1|terminal_point_row[0]     ; Merged with lattice_on:l1|terminal_point_col[0] ;
; lattice_on:l1|terminal_point_col[1,2]   ; Merged with lattice_on:l1|terminal_point_col[0] ;
; lattice_on:l1|count[15]                 ; Merged with digit_tube:l2|count[15]             ;
; lattice_on:l1|count[14]                 ; Merged with digit_tube:l2|count[14]             ;
; lattice_on:l1|count[9]                  ; Merged with digit_tube:l2|count[9]              ;
; lattice_on:l1|count[8]                  ; Merged with digit_tube:l2|count[8]              ;
; lattice_on:l1|count[6]                  ; Merged with digit_tube:l2|count[6]              ;
; lattice_on:l1|count[4]                  ; Merged with digit_tube:l2|count[4]              ;
; lattice_on:l1|count[31]                 ; Merged with digit_tube:l2|count[31]             ;
; lattice_on:l1|count[30]                 ; Merged with digit_tube:l2|count[30]             ;
; lattice_on:l1|count[29]                 ; Merged with digit_tube:l2|count[29]             ;
; lattice_on:l1|count[28]                 ; Merged with digit_tube:l2|count[28]             ;
; lattice_on:l1|count[27]                 ; Merged with digit_tube:l2|count[27]             ;
; lattice_on:l1|count[26]                 ; Merged with digit_tube:l2|count[26]             ;
; lattice_on:l1|count[25]                 ; Merged with digit_tube:l2|count[25]             ;
; lattice_on:l1|count[24]                 ; Merged with digit_tube:l2|count[24]             ;
; lattice_on:l1|count[23]                 ; Merged with digit_tube:l2|count[23]             ;
; lattice_on:l1|count[22]                 ; Merged with digit_tube:l2|count[22]             ;
; lattice_on:l1|count[21]                 ; Merged with digit_tube:l2|count[21]             ;
; lattice_on:l1|count[20]                 ; Merged with digit_tube:l2|count[20]             ;
; lattice_on:l1|count[19]                 ; Merged with digit_tube:l2|count[19]             ;
; lattice_on:l1|count[18]                 ; Merged with digit_tube:l2|count[18]             ;
; lattice_on:l1|count[17]                 ; Merged with digit_tube:l2|count[17]             ;
; lattice_on:l1|count[16]                 ; Merged with digit_tube:l2|count[16]             ;
; lattice_on:l1|count[13]                 ; Merged with digit_tube:l2|count[13]             ;
; lattice_on:l1|count[12]                 ; Merged with digit_tube:l2|count[12]             ;
; lattice_on:l1|count[11]                 ; Merged with digit_tube:l2|count[11]             ;
; lattice_on:l1|count[10]                 ; Merged with digit_tube:l2|count[10]             ;
; lattice_on:l1|count[7]                  ; Merged with digit_tube:l2|count[7]              ;
; lattice_on:l1|count[5]                  ; Merged with digit_tube:l2|count[5]              ;
; lattice_on:l1|count[3]                  ; Merged with digit_tube:l2|count[3]              ;
; lattice_on:l1|count[2]                  ; Merged with digit_tube:l2|count[2]              ;
; lattice_on:l1|count[1]                  ; Merged with digit_tube:l2|count[1]              ;
; lattice_on:l1|count[0]                  ; Merged with digit_tube:l2|count[0]              ;
; lattice_on:l1|sw:a1|tcnt1[19]           ; Merged with digit_tube:l2|sw:b1|tcnt1[19]       ;
; lattice_on:l1|sw:a1|tcnt1[18]           ; Merged with digit_tube:l2|sw:b1|tcnt1[18]       ;
; lattice_on:l1|sw:a1|tcnt1[17]           ; Merged with digit_tube:l2|sw:b1|tcnt1[17]       ;
; lattice_on:l1|sw:a1|tcnt1[16]           ; Merged with digit_tube:l2|sw:b1|tcnt1[16]       ;
; lattice_on:l1|sw:a1|tcnt1[15]           ; Merged with digit_tube:l2|sw:b1|tcnt1[15]       ;
; lattice_on:l1|sw:a1|tcnt1[14]           ; Merged with digit_tube:l2|sw:b1|tcnt1[14]       ;
; lattice_on:l1|sw:a1|tcnt1[13]           ; Merged with digit_tube:l2|sw:b1|tcnt1[13]       ;
; lattice_on:l1|sw:a1|tcnt1[12]           ; Merged with digit_tube:l2|sw:b1|tcnt1[12]       ;
; lattice_on:l1|sw:a1|tcnt1[11]           ; Merged with digit_tube:l2|sw:b1|tcnt1[11]       ;
; lattice_on:l1|sw:a1|tcnt1[10]           ; Merged with digit_tube:l2|sw:b1|tcnt1[10]       ;
; lattice_on:l1|sw:a1|tcnt1[9]            ; Merged with digit_tube:l2|sw:b1|tcnt1[9]        ;
; lattice_on:l1|sw:a1|tcnt1[8]            ; Merged with digit_tube:l2|sw:b1|tcnt1[8]        ;
; lattice_on:l1|sw:a1|tcnt1[7]            ; Merged with digit_tube:l2|sw:b1|tcnt1[7]        ;
; lattice_on:l1|sw:a1|tcnt1[6]            ; Merged with digit_tube:l2|sw:b1|tcnt1[6]        ;
; lattice_on:l1|sw:a1|tcnt1[5]            ; Merged with digit_tube:l2|sw:b1|tcnt1[5]        ;
; lattice_on:l1|sw:a1|tcnt1[4]            ; Merged with digit_tube:l2|sw:b1|tcnt1[4]        ;
; lattice_on:l1|sw:a1|tcnt1[3]            ; Merged with digit_tube:l2|sw:b1|tcnt1[3]        ;
; lattice_on:l1|sw:a1|tcnt1[2]            ; Merged with digit_tube:l2|sw:b1|tcnt1[2]        ;
; lattice_on:l1|sw:a1|tcnt1[1]            ; Merged with digit_tube:l2|sw:b1|tcnt1[1]        ;
; lattice_on:l1|sw:a1|tcnt1[0]            ; Merged with digit_tube:l2|sw:b1|tcnt1[0]        ;
; digit_tube:l2|digit_seg0[0]             ; Stuck at GND due to stuck port data_in          ;
; digit_tube:l2|row_num[3]                ; Stuck at GND due to stuck port data_in          ;
; lattice_on:l1|row_num[3]                ; Stuck at GND due to stuck port data_in          ;
; Total Number of Removed Registers = 137 ;                                                 ;
+-----------------------------------------+-------------------------------------------------+


+------------------------------------------------------------------------------------------------------+
; Removed Registers Triggering Further Register Optimizations                                          ;
+---------------------------------+---------------------------+----------------------------------------+
; Register name                   ; Reason for Removal        ; Registers Removed due to This Register ;
+---------------------------------+---------------------------+----------------------------------------+
; digit_tube:l2|two_ten:t1|ten[3] ; Stuck at GND              ; digit_tube:l2|digit_seg0[0]            ;
;                                 ; due to stuck port data_in ;                                        ;
+---------------------------------+---------------------------+----------------------------------------+


+------------------------------------------------------+
; General Register Statistics                          ;
+----------------------------------------------+-------+
; Statistic                                    ; Value ;
+----------------------------------------------+-------+
; Total registers                              ; 227   ;
; Number of registers using Synchronous Clear  ; 35    ;
; Number of registers using Synchronous Load   ; 20    ;
; Number of registers using Asynchronous Clear ; 48    ;
; Number of registers using Asynchronous Load  ; 0     ;
; Number of registers using Clock Enable       ; 70    ;
; Number of registers using Preset             ; 0     ;
+----------------------------------------------+-------+


+--------------------------------------------------+
; Inverted Register Statistics                     ;
+----------------------------------------+---------+
; Inverted Register                      ; Fan out ;
+----------------------------------------+---------+
; countdown:l3|time1[3]                  ; 7       ;
; countdown:l3|time1[2]                  ; 7       ;
; countdown:l3|time1[4]                  ; 7       ;
; countdown:l3|time1[1]                  ; 6       ;
; Total number of inverted registers = 4 ;         ;
+----------------------------------------+---------+


+-------------------------------------------------------------------------------------------------------------------------------------------------------+
; Multiplexer Restructuring Statistics (Restructuring Performed)                                                                                        ;
+--------------------+-----------+---------------+----------------------+------------------------+------------+-----------------------------------------+
; Multiplexer Inputs ; Bus Width ; Baseline Area ; Area if Restructured ; Saving if Restructured ; Registered ; Example Multiplexer Output              ;
+--------------------+-----------+---------------+----------------------+------------------------+------------+-----------------------------------------+
; 3:1                ; 3 bits    ; 6 LEs         ; 6 LEs                ; 0 LEs                  ; Yes        ; |maze|lattice_on:l1|location_col_num[0] ;
; 16:1               ; 8 bits    ; 80 LEs        ; 40 LEs               ; 40 LEs                 ; Yes        ; |maze|digit_tube:l2|digit_con[7]        ;
; 16:1               ; 8 bits    ; 80 LEs        ; 40 LEs               ; 40 LEs                 ; Yes        ; |maze|lattice_on:l1|row[3]              ;
; 6:1                ; 7 bits    ; 28 LEs        ; 7 LEs                ; 21 LEs                 ; Yes        ; |maze|lattice_on:l1|step_cnt[6]         ;
; 6:1                ; 2 bits    ; 8 LEs         ; 2 LEs                ; 6 LEs                  ; Yes        ; |maze|lattice_on:l1|g_col[0]            ;
; 24:1               ; 6 bits    ; 96 LEs        ; 36 LEs               ; 60 LEs                 ; Yes        ; |maze|lattice_on:l1|g_col[3]            ;
; 48:1               ; 5 bits    ; 160 LEs       ; 120 LEs              ; 40 LEs                 ; Yes        ; |maze|digit_tube:l2|digit_seg0[3]       ;
; 42:1               ; 2 bits    ; 56 LEs        ; 40 LEs               ; 16 LEs                 ; Yes        ; |maze|digit_tube:l2|digit_seg0[4]       ;
+--------------------+-----------+---------------+----------------------+------------------------+------------+-----------------------------------------+


+------------------------------------------------------------------------+
; Parameter Settings for User Entity Instance: lattice_on:l1|debounce:c1 ;
+----------------+-------+-----------------------------------------------+
; Parameter Name ; Value ; Type                                          ;
+----------------+-------+-----------------------------------------------+
; N              ; 4     ; Signed Integer                                ;
+----------------+-------+-----------------------------------------------+
Note: In order to hide this table in the UI and the text report file, please set the "Show Parameter Settings in Synthesis Report" option in "Analysis and Synthesis Settings -> More Settings" to "Off".


+-------------------------------------------------------------------------------------------------------------------+
; Port Connectivity Checks: "digit_tube:l2|sw:b2"                                                                   ;
+---------+--------+----------+-------------------------------------------------------------------------------------+
; Port    ; Type   ; Severity ; Details                                                                             ;
+---------+--------+----------+-------------------------------------------------------------------------------------+
; key_out ; Output ; Info     ; Connected to dangling logic. Logic that only feeds a dangling port will be removed. ;
+---------+--------+----------+-------------------------------------------------------------------------------------+


+-------------------------------------------+
; Port Connectivity Checks: "lattice_on:l1" ;
+------+-------+----------+-----------------+
; Port ; Type  ; Severity ; Details         ;
+------+-------+----------+-----------------+
; rst  ; Input ; Info     ; Stuck at GND    ;
+------+-------+----------+-----------------+


+----------------------------------------------------------------------------------------------------------------+
; Port Connectivity Checks: "countdown:l3"                                                                       ;
+------+--------+----------+-------------------------------------------------------------------------------------+
; Port ; Type   ; Severity ; Details                                                                             ;
+------+--------+----------+-------------------------------------------------------------------------------------+
; ten  ; Output ; Info     ; Connected to dangling logic. Logic that only feeds a dangling port will be removed. ;
; one  ; Output ; Info     ; Connected to dangling logic. Logic that only feeds a dangling port will be removed. ;
+------+--------+----------+-------------------------------------------------------------------------------------+


+-------------------------------+
; Analysis & Synthesis Messages ;
+-------------------------------+
Info: *******************************************************************
Info: Running Quartus Prime Analysis & Synthesis
    Info: Version 18.0.0 Build 614 04/24/2018 SJ Lite Edition
    Info: Processing started: Fri Dec 28 08:07:45 2018
Info: Command: quartus_map --read_settings_files=on --write_settings_files=off maze -c maze
Warning (18236): Number of processors has not been specified which may cause overloading on shared machines.  Set the global assignment NUM_PARALLEL_PROCESSORS in your QSF to an appropriate value for best performance.
Info (20030): Parallel compilation is enabled and will use 4 of the 4 processors detected
Info (12021): Found 7 design units, including 7 entities, in source file maze.v
    Info (12023): Found entity 1: maze File: D:/intelFPGA_lite/18.0/maze/maze.v Line: 1
    Info (12023): Found entity 2: lattice_on File: D:/intelFPGA_lite/18.0/maze/maze.v Line: 33
    Info (12023): Found entity 3: digit_tube File: D:/intelFPGA_lite/18.0/maze/maze.v Line: 353
    Info (12023): Found entity 4: countdown File: D:/intelFPGA_lite/18.0/maze/maze.v Line: 548
    Info (12023): Found entity 5: two_ten File: D:/intelFPGA_lite/18.0/maze/maze.v Line: 581
    Info (12023): Found entity 6: debounce File: D:/intelFPGA_lite/18.0/maze/maze.v Line: 609
    Info (12023): Found entity 7: sw File: D:/intelFPGA_lite/18.0/maze/maze.v Line: 677
Info (12127): Elaborating entity "maze" for the top level hierarchy
Info (12128): Elaborating entity "countdown" for hierarchy "countdown:l3" File: D:/intelFPGA_lite/18.0/maze/maze.v Line: 25
Warning (10230): Verilog HDL assignment warning at maze.v(559): truncated value with size 32 to match size of target (5) File: D:/intelFPGA_lite/18.0/maze/maze.v Line: 559
Info (12128): Elaborating entity "two_ten" for hierarchy "countdown:l3|two_ten:t1" File: D:/intelFPGA_lite/18.0/maze/maze.v Line: 576
Info (12128): Elaborating entity "lattice_on" for hierarchy "lattice_on:l1" File: D:/intelFPGA_lite/18.0/maze/maze.v Line: 26
Warning (10036): Verilog HDL or VHDL warning at maze.v(89): object "maze_con" assigned a value but never read File: D:/intelFPGA_lite/18.0/maze/maze.v Line: 89
Warning (10230): Verilog HDL assignment warning at maze.v(175): truncated value with size 32 to match size of target (7) File: D:/intelFPGA_lite/18.0/maze/maze.v Line: 175
Warning (10230): Verilog HDL assignment warning at maze.v(176): truncated value with size 32 to match size of target (3) File: D:/intelFPGA_lite/18.0/maze/maze.v Line: 176
Warning (10230): Verilog HDL assignment warning at maze.v(186): truncated value with size 32 to match size of target (7) File: D:/intelFPGA_lite/18.0/maze/maze.v Line: 186
Warning (10230): Verilog HDL assignment warning at maze.v(187): truncated value with size 32 to match size of target (3) File: D:/intelFPGA_lite/18.0/maze/maze.v Line: 187
Warning (10230): Verilog HDL assignment warning at maze.v(199): truncated value with size 32 to match size of target (7) File: D:/intelFPGA_lite/18.0/maze/maze.v Line: 199
Warning (10230): Verilog HDL assignment warning at maze.v(200): truncated value with size 32 to match size of target (3) File: D:/intelFPGA_lite/18.0/maze/maze.v Line: 200
Warning (10230): Verilog HDL assignment warning at maze.v(211): truncated value with size 32 to match size of target (7) File: D:/intelFPGA_lite/18.0/maze/maze.v Line: 211
Warning (10230): Verilog HDL assignment warning at maze.v(212): truncated value with size 32 to match size of target (3) File: D:/intelFPGA_lite/18.0/maze/maze.v Line: 212
Warning (10230): Verilog HDL assignment warning at maze.v(251): truncated value with size 32 to match size of target (4) File: D:/intelFPGA_lite/18.0/maze/maze.v Line: 251
Info (12128): Elaborating entity "sw" for hierarchy "lattice_on:l1|sw:a1" File: D:/intelFPGA_lite/18.0/maze/maze.v Line: 98
Warning (10230): Verilog HDL assignment warning at maze.v(686): truncated value with size 32 to match size of target (20) File: D:/intelFPGA_lite/18.0/maze/maze.v Line: 686
Info (12128): Elaborating entity "debounce" for hierarchy "lattice_on:l1|debounce:c1" File: D:/intelFPGA_lite/18.0/maze/maze.v Line: 153
Info (12128): Elaborating entity "digit_tube" for hierarchy "digit_tube:l2" File: D:/intelFPGA_lite/18.0/maze/maze.v Line: 27
Warning (10036): Verilog HDL or VHDL warning at maze.v(448): object "maze_con" assigned a value but never read File: D:/intelFPGA_lite/18.0/maze/maze.v Line: 448
Warning (10230): Verilog HDL assignment warning at maze.v(410): truncated value with size 32 to match size of target (4) File: D:/intelFPGA_lite/18.0/maze/maze.v Line: 410
Warning (13024): Output pins are stuck at VCC or GND
    Warning (13410): Pin "digit_seg0[0]" is stuck at GND File: D:/intelFPGA_lite/18.0/maze/maze.v Line: 11
Info (18000): Registers with preset signals will power-up high File: D:/intelFPGA_lite/18.0/maze/maze.v Line: 559
Info (21057): Implemented 554 device resources after synthesis - the final resource count might be different
    Info (21058): Implemented 7 input pins
    Info (21059): Implemented 40 output pins
    Info (21061): Implemented 507 logic cells
Info (144001): Generated suppressed messages file D:/intelFPGA_lite/18.0/maze/output_files/maze.map.smsg
Info: Quartus Prime Analysis & Synthesis was successful. 0 errors, 17 warnings
    Info: Peak virtual memory: 4739 megabytes
    Info: Processing ended: Fri Dec 28 08:08:26 2018
    Info: Elapsed time: 00:00:41
    Info: Total CPU time (on all processors): 00:01:23


+------------------------------------------+
; Analysis & Synthesis Suppressed Messages ;
+------------------------------------------+
The suppressed messages can be found in D:/intelFPGA_lite/18.0/maze/output_files/maze.map.smsg.


