Analysis & Synthesis report for count_num_5
Mon Nov 26 21:26:00 2018
Quartus Prime Version 18.0.0 Build 614 04/24/2018 SJ Lite Edition


---------------------
; Table of Contents ;
---------------------
  1. Legal Notice
  2. Analysis & Synthesis Summary
  3. Analysis & Synthesis Settings
  4. Parallel Compilation
  5. Analysis & Synthesis Source Files Read
  6. Analysis & Synthesis Resource Usage Summary
  7. Analysis & Synthesis Resource Utilization by Entity
  8. User-Specified and Inferred Latches
  9. Registers Removed During Synthesis
 10. General Register Statistics
 11. Multiplexer Restructuring Statistics (Restructuring Performed)
 12. Post-Synthesis Netlist Statistics for Top Partition
 13. Elapsed Time Per Partition
 14. Analysis & Synthesis Messages



----------------
; Legal Notice ;
----------------
Copyright (C) 2018  Intel Corporation. All rights reserved.
Your use of Intel Corporation's design tools, logic functions 
and other software and tools, and its AMPP partner logic 
functions, and any output files from any of the foregoing 
(including device programming or simulation files), and any 
associated documentation or information are expressly subject 
to the terms and conditions of the Intel Program License 
Subscription Agreement, the Intel Quartus Prime License Agreement,
the Intel FPGA IP License Agreement, or other applicable license
agreement, including, without limitation, that your use is for
the sole purpose of programming logic devices manufactured by
Intel and sold by Intel or its authorized distributors.  Please
refer to the applicable agreement for further details.



+----------------------------------------------------------------------------------+
; Analysis & Synthesis Summary                                                     ;
+------------------------------------+---------------------------------------------+
; Analysis & Synthesis Status        ; Successful - Mon Nov 26 21:26:00 2018       ;
; Quartus Prime Version              ; 18.0.0 Build 614 04/24/2018 SJ Lite Edition ;
; Revision Name                      ; count_num_5                                 ;
; Top-level Entity Name              ; count_num_5                                 ;
; Family                             ; Cyclone IV E                                ;
; Total logic elements               ; 101                                         ;
;     Total combinational functions  ; 97                                          ;
;     Dedicated logic registers      ; 44                                          ;
; Total registers                    ; 44                                          ;
; Total pins                         ; 11                                          ;
; Total virtual pins                 ; 0                                           ;
; Total memory bits                  ; 0                                           ;
; Embedded Multiplier 9-bit elements ; 0                                           ;
; Total PLLs                         ; 0                                           ;
+------------------------------------+---------------------------------------------+


+------------------------------------------------------------------------------------------------------------+
; Analysis & Synthesis Settings                                                                              ;
+------------------------------------------------------------------+--------------------+--------------------+
; Option                                                           ; Setting            ; Default Value      ;
+------------------------------------------------------------------+--------------------+--------------------+
; Device                                                           ; EP4CE6F17C8        ;                    ;
; Top-level entity name                                            ; count_num_5        ; count_num_5        ;
; Family name                                                      ; Cyclone IV E       ; Cyclone V          ;
; Use smart compilation                                            ; Off                ; Off                ;
; Enable parallel Assembler and Timing Analyzer during compilation ; On                 ; On                 ;
; Enable compact report table                                      ; Off                ; Off                ;
; Restructure Multiplexers                                         ; Auto               ; Auto               ;
; Create Debugging Nodes for IP Cores                              ; Off                ; Off                ;
; Preserve fewer node names                                        ; On                 ; On                 ;
; Intel FPGA IP Evaluation Mode                                    ; Enable             ; Enable             ;
; Verilog Version                                                  ; Verilog_2001       ; Verilog_2001       ;
; VHDL Version                                                     ; VHDL_1993          ; VHDL_1993          ;
; State Machine Processing                                         ; Auto               ; Auto               ;
; Safe State Machine                                               ; Off                ; Off                ;
; Extract Verilog State Machines                                   ; On                 ; On                 ;
; Extract VHDL State Machines                                      ; On                 ; On                 ;
; Ignore Verilog initial constructs                                ; Off                ; Off                ;
; Iteration limit for constant Verilog loops                       ; 5000               ; 5000               ;
; Iteration limit for non-constant Verilog loops                   ; 250                ; 250                ;
; Add Pass-Through Logic to Inferred RAMs                          ; On                 ; On                 ;
; Infer RAMs from Raw Logic                                        ; On                 ; On                 ;
; Parallel Synthesis                                               ; On                 ; On                 ;
; DSP Block Balancing                                              ; Auto               ; Auto               ;
; NOT Gate Push-Back                                               ; On                 ; On                 ;
; Power-Up Don't Care                                              ; On                 ; On                 ;
; Remove Redundant Logic Cells                                     ; Off                ; Off                ;
; Remove Duplicate Registers                                       ; On                 ; On                 ;
; Ignore CARRY Buffers                                             ; Off                ; Off                ;
; Ignore CASCADE Buffers                                           ; Off                ; Off                ;
; Ignore GLOBAL Buffers                                            ; Off                ; Off                ;
; Ignore ROW GLOBAL Buffers                                        ; Off                ; Off                ;
; Ignore LCELL Buffers                                             ; Off                ; Off                ;
; Ignore SOFT Buffers                                              ; On                 ; On                 ;
; Limit AHDL Integers to 32 Bits                                   ; Off                ; Off                ;
; Optimization Technique                                           ; Balanced           ; Balanced           ;
; Carry Chain Length                                               ; 70                 ; 70                 ;
; Auto Carry Chains                                                ; On                 ; On                 ;
; Auto Open-Drain Pins                                             ; On                 ; On                 ;
; Perform WYSIWYG Primitive Resynthesis                            ; Off                ; Off                ;
; Auto ROM Replacement                                             ; On                 ; On                 ;
; Auto RAM Replacement                                             ; On                 ; On                 ;
; Auto DSP Block Replacement                                       ; On                 ; On                 ;
; Auto Shift Register Replacement                                  ; Auto               ; Auto               ;
; Allow Shift Register Merging across Hierarchies                  ; Auto               ; Auto               ;
; Auto Clock Enable Replacement                                    ; On                 ; On                 ;
; Strict RAM Replacement                                           ; Off                ; Off                ;
; Allow Synchronous Control Signals                                ; On                 ; On                 ;
; Force Use of Synchronous Clear Signals                           ; Off                ; Off                ;
; Auto RAM Block Balancing                                         ; On                 ; On                 ;
; Auto RAM to Logic Cell Conversion                                ; Off                ; Off                ;
; Auto Resource Sharing                                            ; Off                ; Off                ;
; Allow Any RAM Size For Recognition                               ; Off                ; Off                ;
; Allow Any ROM Size For Recognition                               ; Off                ; Off                ;
; Allow Any Shift Register Size For Recognition                    ; Off                ; Off                ;
; Use LogicLock Constraints during Resource Balancing              ; On                 ; On                 ;
; Ignore translate_off and synthesis_off directives                ; Off                ; Off                ;
; Timing-Driven Synthesis                                          ; On                 ; On                 ;
; Report Parameter Settings                                        ; On                 ; On                 ;
; Report Source Assignments                                        ; On                 ; On                 ;
; Report Connectivity Checks                                       ; On                 ; On                 ;
; Ignore Maximum Fan-Out Assignments                               ; Off                ; Off                ;
; Synchronization Register Chain Length                            ; 2                  ; 2                  ;
; Power Optimization During Synthesis                              ; Normal compilation ; Normal compilation ;
; HDL message level                                                ; Level2             ; Level2             ;
; Suppress Register Optimization Related Messages                  ; Off                ; Off                ;
; Number of Removed Registers Reported in Synthesis Report         ; 5000               ; 5000               ;
; Number of Swept Nodes Reported in Synthesis Report               ; 5000               ; 5000               ;
; Number of Inverted Registers Reported in Synthesis Report        ; 100                ; 100                ;
; Clock MUX Protection                                             ; On                 ; On                 ;
; Auto Gated Clock Conversion                                      ; Off                ; Off                ;
; Block Design Naming                                              ; Auto               ; Auto               ;
; SDC constraint protection                                        ; Off                ; Off                ;
; Synthesis Effort                                                 ; Auto               ; Auto               ;
; Shift Register Replacement - Allow Asynchronous Clear Signal     ; On                 ; On                 ;
; Pre-Mapping Resynthesis Optimization                             ; Off                ; Off                ;
; Analysis & Synthesis Message Level                               ; Medium             ; Medium             ;
; Disable Register Merging Across Hierarchies                      ; Auto               ; Auto               ;
; Resource Aware Inference For Block RAM                           ; On                 ; On                 ;
+------------------------------------------------------------------+--------------------+--------------------+


+------------------------------------------+
; Parallel Compilation                     ;
+----------------------------+-------------+
; Processors                 ; Number      ;
+----------------------------+-------------+
; Number detected on machine ; 4           ;
; Maximum allowed            ; 4           ;
;                            ;             ;
; Average used               ; 1.00        ;
; Maximum used               ; 4           ;
;                            ;             ;
; Usage by Processor         ; % Time Used ;
;     Processor 1            ; 100.0%      ;
;     Processor 2            ;   0.0%      ;
;     Processors 3-4         ;   0.0%      ;
+----------------------------+-------------+


+----------------------------------------------------------------------------------------------------------------------------------------------------+
; Analysis & Synthesis Source Files Read                                                                                                             ;
+----------------------------------+-----------------+------------------------+------------------------------------------------------------+---------+
; File Name with User-Entered Path ; Used in Netlist ; File Type              ; File Name with Absolute Path                               ; Library ;
+----------------------------------+-----------------+------------------------+------------------------------------------------------------+---------+
; count_num_5.v                    ; yes             ; User Verilog HDL File  ; D:/intelFPGA_lite/18.0/count_num/count_num_5/count_num_5.v ;         ;
+----------------------------------+-----------------+------------------------+------------------------------------------------------------+---------+


+---------------------------------------------------------+
; Analysis & Synthesis Resource Usage Summary             ;
+---------------------------------------------+-----------+
; Resource                                    ; Usage     ;
+---------------------------------------------+-----------+
; Estimated Total logic elements              ; 101       ;
;                                             ;           ;
; Total combinational functions               ; 97        ;
; Logic element usage by number of LUT inputs ;           ;
;     -- 4 input functions                    ; 47        ;
;     -- 3 input functions                    ; 12        ;
;     -- <=2 input functions                  ; 38        ;
;                                             ;           ;
; Logic elements by mode                      ;           ;
;     -- normal mode                          ; 66        ;
;     -- arithmetic mode                      ; 31        ;
;                                             ;           ;
; Total registers                             ; 44        ;
;     -- Dedicated logic registers            ; 44        ;
;     -- I/O registers                        ; 0         ;
;                                             ;           ;
; I/O pins                                    ; 11        ;
;                                             ;           ;
; Embedded Multiplier 9-bit elements          ; 0         ;
;                                             ;           ;
; Maximum fan-out node                        ; clk~input ;
; Maximum fan-out                             ; 34        ;
; Total fan-out                               ; 408       ;
; Average fan-out                             ; 2.50      ;
+---------------------------------------------+-----------+


+---------------------------------------------------------------------------------------------------------------------------------------------------------------------------------------------------------------+
; Analysis & Synthesis Resource Utilization by Entity                                                                                                                                                           ;
+----------------------------+---------------------+---------------------------+-------------+--------------+---------+-----------+------+--------------+--------------------------+-------------+--------------+
; Compilation Hierarchy Node ; Combinational ALUTs ; Dedicated Logic Registers ; Memory Bits ; DSP Elements ; DSP 9x9 ; DSP 18x18 ; Pins ; Virtual Pins ; Full Hierarchy Name      ; Entity Name ; Library Name ;
+----------------------------+---------------------+---------------------------+-------------+--------------+---------+-----------+------+--------------+--------------------------+-------------+--------------+
; |count_num_5               ; 97 (69)             ; 44 (27)                   ; 0           ; 0            ; 0       ; 0         ; 11   ; 0            ; |count_num_5             ; count_num_5 ; work         ;
;    |debounce:u1|           ; 26 (26)             ; 13 (13)                   ; 0           ; 0            ; 0       ; 0         ; 0    ; 0            ; |count_num_5|debounce:u1 ; debounce    ; work         ;
;    |debounce:u2|           ; 2 (2)               ; 4 (4)                     ; 0           ; 0            ; 0       ; 0         ; 0    ; 0            ; |count_num_5|debounce:u2 ; debounce    ; work         ;
+----------------------------+---------------------+---------------------------+-------------+--------------+---------+-----------+------+--------------+--------------------------+-------------+--------------+
Note: For table entries with two numbers listed, the numbers in parentheses indicate the number of resources of the given type used by the specific entity alone. The numbers listed outside of parentheses indicate the total resources of the given type used by the specific entity and all of its sub-entities in the hierarchy.


+---------------------------------------------------------------------------------------------------+
; User-Specified and Inferred Latches                                                               ;
+----------------------------------------------------+---------------------+------------------------+
; Latch Name                                         ; Latch Enable Signal ; Free of Timing Hazards ;
+----------------------------------------------------+---------------------+------------------------+
; count_num[2]                                       ; debounce:u1|led     ; yes                    ;
; count_num[3]                                       ; debounce:u1|led     ; yes                    ;
; count_num[4]                                       ; debounce:u1|led     ; yes                    ;
; count_num[6]                                       ; debounce:u1|led     ; yes                    ;
; count_num[5]                                       ; debounce:u1|led     ; yes                    ;
; count_num[1]                                       ; debounce:u1|led     ; yes                    ;
; count_num[0]                                       ; debounce:u1|led     ; yes                    ;
; Number of user-specified and inferred latches = 7  ;                     ;                        ;
+----------------------------------------------------+---------------------+------------------------+
Note: All latches listed above may not be present at the end of synthesis due to various synthesis optimizations.


+---------------------------------------------------------------------------------+
; Registers Removed During Synthesis                                              ;
+----------------------------------------+----------------------------------------+
; Register name                          ; Reason for Removal                     ;
+----------------------------------------+----------------------------------------+
; debounce:u2|cnt_20ms[18]               ; Merged with debounce:u1|cnt_20ms[18]   ;
; debounce:u2|cnt_20ms[17]               ; Merged with debounce:u1|cnt_20ms[17]   ;
; debounce:u2|cnt_20ms[16]               ; Merged with debounce:u1|cnt_20ms[16]   ;
; debounce:u2|cnt_20ms[15]               ; Merged with debounce:u1|cnt_20ms[15]   ;
; debounce:u2|cnt_20ms[13]               ; Merged with debounce:u1|cnt_20ms[13]   ;
; debounce:u2|cnt_20ms[8]                ; Merged with debounce:u1|cnt_20ms[8]    ;
; debounce:u2|cnt_20ms[5]                ; Merged with debounce:u1|cnt_20ms[5]    ;
; debounce:u2|cnt_20ms[14]               ; Merged with debounce:u1|cnt_20ms[14]   ;
; debounce:u2|cnt_20ms[12]               ; Merged with debounce:u1|cnt_20ms[12]   ;
; debounce:u2|cnt_20ms[11]               ; Merged with debounce:u1|cnt_20ms[11]   ;
; debounce:u2|cnt_20ms[10]               ; Merged with debounce:u1|cnt_20ms[10]   ;
; debounce:u2|cnt_20ms[9]                ; Merged with debounce:u1|cnt_20ms[9]    ;
; debounce:u2|cnt_20ms[7]                ; Merged with debounce:u1|cnt_20ms[7]    ;
; debounce:u2|cnt_20ms[6]                ; Merged with debounce:u1|cnt_20ms[6]    ;
; debounce:u2|cnt_20ms[4]                ; Merged with debounce:u1|cnt_20ms[4]    ;
; debounce:u2|cnt_20ms[3]                ; Merged with debounce:u1|cnt_20ms[3]    ;
; debounce:u2|cnt_20ms[2]                ; Merged with debounce:u1|cnt_20ms[2]    ;
; debounce:u2|cnt_20ms[1]                ; Merged with debounce:u1|cnt_20ms[1]    ;
; debounce:u2|cnt_20ms[0]                ; Merged with debounce:u1|cnt_20ms[0]    ;
; debounce:u1|cnt_20ms[0]                ; Merged with div_count[0]               ;
; debounce:u1|cnt_20ms[1]                ; Merged with div_count[1]               ;
; debounce:u1|cnt_20ms[2]                ; Merged with div_count[2]               ;
; debounce:u1|cnt_20ms[3]                ; Merged with div_count[3]               ;
; debounce:u1|cnt_20ms[4]                ; Merged with div_count[4]               ;
; debounce:u1|cnt_20ms[5]                ; Merged with div_count[5]               ;
; debounce:u1|cnt_20ms[6]                ; Merged with div_count[6]               ;
; debounce:u1|cnt_20ms[7]                ; Merged with div_count[7]               ;
; debounce:u1|cnt_20ms[8]                ; Merged with div_count[8]               ;
; debounce:u1|cnt_20ms[9]                ; Merged with div_count[9]               ;
; digit_seg[0]~reg0                      ; Stuck at GND due to stuck port data_in ;
; div_count[11..31]                      ; Lost fanout                            ;
; Total Number of Removed Registers = 51 ;                                        ;
+----------------------------------------+----------------------------------------+


+------------------------------------------------------+
; General Register Statistics                          ;
+----------------------------------------------+-------+
; Statistic                                    ; Value ;
+----------------------------------------------+-------+
; Total registers                              ; 44    ;
; Number of registers using Synchronous Clear  ; 0     ;
; Number of registers using Synchronous Load   ; 0     ;
; Number of registers using Asynchronous Clear ; 0     ;
; Number of registers using Asynchronous Load  ; 0     ;
; Number of registers using Clock Enable       ; 9     ;
; Number of registers using Preset             ; 0     ;
+----------------------------------------------+-------+


+----------------------------------------------------------------------------------------------------------------------------------------------+
; Multiplexer Restructuring Statistics (Restructuring Performed)                                                                               ;
+--------------------+-----------+---------------+----------------------+------------------------+------------+--------------------------------+
; Multiplexer Inputs ; Bus Width ; Baseline Area ; Area if Restructured ; Saving if Restructured ; Registered ; Example Multiplexer Output     ;
+--------------------+-----------+---------------+----------------------+------------------------+------------+--------------------------------+
; 27:1               ; 7 bits    ; 126 LEs       ; 91 LEs               ; 35 LEs                 ; Yes        ; |count_num_5|digit_seg[1]~reg0 ;
+--------------------+-----------+---------------+----------------------+------------------------+------------+--------------------------------+


+-----------------------------------------------------+
; Post-Synthesis Netlist Statistics for Top Partition ;
+-----------------------+-----------------------------+
; Type                  ; Count                       ;
+-----------------------+-----------------------------+
; boundary_port         ; 11                          ;
; cycloneiii_ff         ; 44                          ;
;     ENA               ; 9                           ;
;     plain             ; 35                          ;
; cycloneiii_lcell_comb ; 98                          ;
;     arith             ; 31                          ;
;         2 data inputs ; 28                          ;
;         3 data inputs ; 3                           ;
;     normal            ; 67                          ;
;         0 data inputs ; 1                           ;
;         1 data inputs ; 7                           ;
;         2 data inputs ; 3                           ;
;         3 data inputs ; 9                           ;
;         4 data inputs ; 47                          ;
;                       ;                             ;
; Max LUT depth         ; 3.00                        ;
; Average LUT depth     ; 1.97                        ;
+-----------------------+-----------------------------+


+-------------------------------+
; Elapsed Time Per Partition    ;
+----------------+--------------+
; Partition Name ; Elapsed Time ;
+----------------+--------------+
; Top            ; 00:00:02     ;
+----------------+--------------+


+-------------------------------+
; Analysis & Synthesis Messages ;
+-------------------------------+
Info: *******************************************************************
Info: Running Quartus Prime Analysis & Synthesis
    Info: Version 18.0.0 Build 614 04/24/2018 SJ Lite Edition
    Info: Processing started: Mon Nov 26 21:25:26 2018
Info: Command: quartus_map --read_settings_files=on --write_settings_files=off count_num_5 -c count_num_5
Warning (18236): Number of processors has not been specified which may cause overloading on shared machines.  Set the global assignment NUM_PARALLEL_PROCESSORS in your QSF to an appropriate value for best performance.
Info (20030): Parallel compilation is enabled and will use 4 of the 4 processors detected
Info (12021): Found 2 design units, including 2 entities, in source file count_num_5.v
    Info (12023): Found entity 1: count_num_5 File: D:/intelFPGA_lite/18.0/count_num/count_num_5/count_num_5.v Line: 1
    Info (12023): Found entity 2: debounce File: D:/intelFPGA_lite/18.0/count_num/count_num_5/count_num_5.v Line: 96
Info (12127): Elaborating entity "count_num_5" for the top level hierarchy
Warning (10230): Verilog HDL assignment warning at count_num_5.v(29): truncated value with size 32 to match size of target (7) File: D:/intelFPGA_lite/18.0/count_num/count_num_5/count_num_5.v Line: 29
Warning (10240): Verilog HDL Always Construct warning at count_num_5.v(25): inferring latch(es) for variable "count_num", which holds its previous value in one or more paths through the always construct File: D:/intelFPGA_lite/18.0/count_num/count_num_5/count_num_5.v Line: 25
Warning (10230): Verilog HDL assignment warning at count_num_5.v(50): truncated value with size 32 to match size of target (4) File: D:/intelFPGA_lite/18.0/count_num/count_num_5/count_num_5.v Line: 50
Warning (10230): Verilog HDL assignment warning at count_num_5.v(48): truncated value with size 32 to match size of target (4) File: D:/intelFPGA_lite/18.0/count_num/count_num_5/count_num_5.v Line: 48
Info (10041): Inferred latch for "count_num[0]" at count_num_5.v(31) File: D:/intelFPGA_lite/18.0/count_num/count_num_5/count_num_5.v Line: 31
Info (10041): Inferred latch for "count_num[1]" at count_num_5.v(31) File: D:/intelFPGA_lite/18.0/count_num/count_num_5/count_num_5.v Line: 31
Info (10041): Inferred latch for "count_num[2]" at count_num_5.v(31) File: D:/intelFPGA_lite/18.0/count_num/count_num_5/count_num_5.v Line: 31
Info (10041): Inferred latch for "count_num[3]" at count_num_5.v(31) File: D:/intelFPGA_lite/18.0/count_num/count_num_5/count_num_5.v Line: 31
Info (10041): Inferred latch for "count_num[4]" at count_num_5.v(31) File: D:/intelFPGA_lite/18.0/count_num/count_num_5/count_num_5.v Line: 31
Info (10041): Inferred latch for "count_num[5]" at count_num_5.v(31) File: D:/intelFPGA_lite/18.0/count_num/count_num_5/count_num_5.v Line: 31
Info (10041): Inferred latch for "count_num[6]" at count_num_5.v(31) File: D:/intelFPGA_lite/18.0/count_num/count_num_5/count_num_5.v Line: 31
Info (12128): Elaborating entity "debounce" for hierarchy "debounce:u1" File: D:/intelFPGA_lite/18.0/count_num/count_num_5/count_num_5.v Line: 36
Warning (10230): Verilog HDL assignment warning at count_num_5.v(107): truncated value with size 32 to match size of target (19) File: D:/intelFPGA_lite/18.0/count_num/count_num_5/count_num_5.v Line: 107
Warning (13024): Output pins are stuck at VCC or GND
    Warning (13410): Pin "digit_seg[0]" is stuck at GND File: D:/intelFPGA_lite/18.0/count_num/count_num_5/count_num_5.v Line: 59
Info (286030): Timing-Driven Synthesis is running
Info (17049): 21 registers lost all their fanouts during netlist optimizations.
Info (16010): Generating hard_block partition "hard_block:auto_generated_inst"
    Info (16011): Adding 0 node(s), including 0 DDIO, 0 PLL, 0 transceiver and 0 LCELL
Info (21057): Implemented 113 device resources after synthesis - the final resource count might be different
    Info (21058): Implemented 3 input pins
    Info (21059): Implemented 8 output pins
    Info (21061): Implemented 102 logic cells
Info: Quartus Prime Analysis & Synthesis was successful. 0 errors, 8 warnings
    Info: Peak virtual memory: 4801 megabytes
    Info: Processing ended: Mon Nov 26 21:26:00 2018
    Info: Elapsed time: 00:00:34
    Info: Total CPU time (on all processors): 00:01:09


