Analysis & Synthesis report for analog
Wed Dec 26 10:30:40 2018
Quartus Prime Version 18.0.0 Build 614 04/24/2018 SJ Lite Edition


---------------------
; Table of Contents ;
---------------------
  1. Legal Notice
  2. Analysis & Synthesis Summary
  3. Analysis & Synthesis Settings
  4. Parallel Compilation
  5. Analysis & Synthesis Source Files Read
  6. Analysis & Synthesis Resource Usage Summary
  7. Analysis & Synthesis Resource Utilization by Entity
  8. Registers Removed During Synthesis
  9. General Register Statistics
 10. Multiplexer Restructuring Statistics (Restructuring Performed)
 11. Analysis & Synthesis Messages
 12. Analysis & Synthesis Suppressed Messages



----------------
; Legal Notice ;
----------------
Copyright (C) 2018  Intel Corporation. All rights reserved.
Your use of Intel Corporation's design tools, logic functions 
and other software and tools, and its AMPP partner logic 
functions, and any output files from any of the foregoing 
(including device programming or simulation files), and any 
associated documentation or information are expressly subject 
to the terms and conditions of the Intel Program License 
Subscription Agreement, the Intel Quartus Prime License Agreement,
the Intel FPGA IP License Agreement, or other applicable license
agreement, including, without limitation, that your use is for
the sole purpose of programming logic devices manufactured by
Intel and sold by Intel or its authorized distributors.  Please
refer to the applicable agreement for further details.



+---------------------------------------------------------------------------+
; Analysis & Synthesis Summary                                              ;
+-----------------------------+---------------------------------------------+
; Analysis & Synthesis Status ; Successful - Wed Dec 26 10:30:40 2018       ;
; Quartus Prime Version       ; 18.0.0 Build 614 04/24/2018 SJ Lite Edition ;
; Revision Name               ; analog                                      ;
; Top-level Entity Name       ; analog                                      ;
; Family                      ; MAX II                                      ;
; Total logic elements        ; 390                                         ;
; Total pins                  ; 45                                          ;
; Total virtual pins          ; 0                                           ;
; UFM blocks                  ; 0 / 1 ( 0 % )                               ;
+-----------------------------+---------------------------------------------+


+------------------------------------------------------------------------------------------------------------+
; Analysis & Synthesis Settings                                                                              ;
+------------------------------------------------------------------+--------------------+--------------------+
; Option                                                           ; Setting            ; Default Value      ;
+------------------------------------------------------------------+--------------------+--------------------+
; Device                                                           ; EPM1270T144C5      ;                    ;
; Top-level entity name                                            ; analog             ; analog             ;
; Family name                                                      ; MAX II             ; Cyclone V          ;
; Use smart compilation                                            ; Off                ; Off                ;
; Enable parallel Assembler and Timing Analyzer during compilation ; On                 ; On                 ;
; Enable compact report table                                      ; Off                ; Off                ;
; Restructure Multiplexers                                         ; Auto               ; Auto               ;
; Create Debugging Nodes for IP Cores                              ; Off                ; Off                ;
; Preserve fewer node names                                        ; On                 ; On                 ;
; Intel FPGA IP Evaluation Mode                                    ; Enable             ; Enable             ;
; Verilog Version                                                  ; Verilog_2001       ; Verilog_2001       ;
; VHDL Version                                                     ; VHDL_1993          ; VHDL_1993          ;
; State Machine Processing                                         ; Auto               ; Auto               ;
; Safe State Machine                                               ; Off                ; Off                ;
; Extract Verilog State Machines                                   ; On                 ; On                 ;
; Extract VHDL State Machines                                      ; On                 ; On                 ;
; Ignore Verilog initial constructs                                ; Off                ; Off                ;
; Iteration limit for constant Verilog loops                       ; 5000               ; 5000               ;
; Iteration limit for non-constant Verilog loops                   ; 250                ; 250                ;
; Add Pass-Through Logic to Inferred RAMs                          ; On                 ; On                 ;
; Infer RAMs from Raw Logic                                        ; On                 ; On                 ;
; Parallel Synthesis                                               ; On                 ; On                 ;
; NOT Gate Push-Back                                               ; On                 ; On                 ;
; Power-Up Don't Care                                              ; On                 ; On                 ;
; Remove Redundant Logic Cells                                     ; Off                ; Off                ;
; Remove Duplicate Registers                                       ; On                 ; On                 ;
; Ignore CARRY Buffers                                             ; Off                ; Off                ;
; Ignore CASCADE Buffers                                           ; Off                ; Off                ;
; Ignore GLOBAL Buffers                                            ; Off                ; Off                ;
; Ignore ROW GLOBAL Buffers                                        ; Off                ; Off                ;
; Ignore LCELL Buffers                                             ; Off                ; Off                ;
; Ignore SOFT Buffers                                              ; On                 ; On                 ;
; Limit AHDL Integers to 32 Bits                                   ; Off                ; Off                ;
; Optimization Technique                                           ; Balanced           ; Balanced           ;
; Carry Chain Length                                               ; 70                 ; 70                 ;
; Auto Carry Chains                                                ; On                 ; On                 ;
; Auto Open-Drain Pins                                             ; On                 ; On                 ;
; Perform WYSIWYG Primitive Resynthesis                            ; Off                ; Off                ;
; Auto Shift Register Replacement                                  ; Auto               ; Auto               ;
; Allow Shift Register Merging across Hierarchies                  ; Auto               ; Auto               ;
; Auto Clock Enable Replacement                                    ; On                 ; On                 ;
; Allow Synchronous Control Signals                                ; On                 ; On                 ;
; Force Use of Synchronous Clear Signals                           ; Off                ; Off                ;
; Auto Resource Sharing                                            ; Off                ; Off                ;
; Use LogicLock Constraints during Resource Balancing              ; On                 ; On                 ;
; Ignore translate_off and synthesis_off directives                ; Off                ; Off                ;
; Report Parameter Settings                                        ; On                 ; On                 ;
; Report Source Assignments                                        ; On                 ; On                 ;
; Report Connectivity Checks                                       ; On                 ; On                 ;
; Ignore Maximum Fan-Out Assignments                               ; Off                ; Off                ;
; Synchronization Register Chain Length                            ; 2                  ; 2                  ;
; Power Optimization During Synthesis                              ; Normal compilation ; Normal compilation ;
; HDL message level                                                ; Level2             ; Level2             ;
; Suppress Register Optimization Related Messages                  ; Off                ; Off                ;
; Number of Removed Registers Reported in Synthesis Report         ; 5000               ; 5000               ;
; Number of Swept Nodes Reported in Synthesis Report               ; 5000               ; 5000               ;
; Number of Inverted Registers Reported in Synthesis Report        ; 100                ; 100                ;
; Clock MUX Protection                                             ; On                 ; On                 ;
; Block Design Naming                                              ; Auto               ; Auto               ;
; Synthesis Effort                                                 ; Auto               ; Auto               ;
; Shift Register Replacement - Allow Asynchronous Clear Signal     ; On                 ; On                 ;
; Analysis & Synthesis Message Level                               ; Medium             ; Medium             ;
; Disable Register Merging Across Hierarchies                      ; Auto               ; Auto               ;
+------------------------------------------------------------------+--------------------+--------------------+


+------------------------------------------+
; Parallel Compilation                     ;
+----------------------------+-------------+
; Processors                 ; Number      ;
+----------------------------+-------------+
; Number detected on machine ; 4           ;
; Maximum allowed            ; 4           ;
;                            ;             ;
; Average used               ; 1.00        ;
; Maximum used               ; 1           ;
;                            ;             ;
; Usage by Processor         ; % Time Used ;
;     Processor 1            ; 100.0%      ;
+----------------------------+-------------+


+--------------------------------------------------------------------------------------------------------------------------------+
; Analysis & Synthesis Source Files Read                                                                                         ;
+----------------------------------+-----------------+------------------------+----------------------------------------+---------+
; File Name with User-Entered Path ; Used in Netlist ; File Type              ; File Name with Absolute Path           ; Library ;
+----------------------------------+-----------------+------------------------+----------------------------------------+---------+
; analog.v                         ; yes             ; User Verilog HDL File  ; D:/intelFPGA_lite/18.0/analog/analog.v ;         ;
+----------------------------------+-----------------+------------------------+----------------------------------------+---------+


+-----------------------------------------------------+
; Analysis & Synthesis Resource Usage Summary         ;
+---------------------------------------------+-------+
; Resource                                    ; Usage ;
+---------------------------------------------+-------+
; Total logic elements                        ; 390   ;
;     -- Combinational with no register       ; 188   ;
;     -- Register only                        ; 31    ;
;     -- Combinational with a register        ; 171   ;
;                                             ;       ;
; Logic element usage by number of LUT inputs ;       ;
;     -- 4 input functions                    ; 148   ;
;     -- 3 input functions                    ; 34    ;
;     -- 2 input functions                    ; 167   ;
;     -- 1 input functions                    ; 9     ;
;     -- 0 input functions                    ; 1     ;
;                                             ;       ;
; Logic elements by mode                      ;       ;
;     -- normal mode                          ; 245   ;
;     -- arithmetic mode                      ; 145   ;
;     -- qfbk mode                            ; 0     ;
;     -- register cascade mode                ; 0     ;
;     -- synchronous clear/load mode          ; 19    ;
;     -- asynchronous clear/load mode         ; 126   ;
;                                             ;       ;
; Total registers                             ; 202   ;
; Total logic cells in carry chains           ; 153   ;
; I/O pins                                    ; 45    ;
; Maximum fan-out node                        ; clk   ;
; Maximum fan-out                             ; 174   ;
; Total fan-out                               ; 1467  ;
; Average fan-out                             ; 3.37  ;
+---------------------------------------------+-------+


+------------------------------------------------------------------------------------------------------------------------------------------------------------------------------------------------------------------------------------+
; Analysis & Synthesis Resource Utilization by Entity                                                                                                                                                                                ;
+----------------------------+-------------+--------------+------------+------+--------------+--------------+-------------------+------------------+-----------------+------------+---------------------+-------------+--------------+
; Compilation Hierarchy Node ; Logic Cells ; LC Registers ; UFM Blocks ; Pins ; Virtual Pins ; LUT-Only LCs ; Register-Only LCs ; LUT/Register LCs ; Carry Chain LCs ; Packed LCs ; Full Hierarchy Name ; Entity Name ; Library Name ;
+----------------------------+-------------+--------------+------------+------+--------------+--------------+-------------------+------------------+-----------------+------------+---------------------+-------------+--------------+
; |analog                    ; 390 (228)   ; 202          ; 0          ; 45   ; 0            ; 188 (152)    ; 31 (31)           ; 171 (45)         ; 153 (39)        ; 0 (0)      ; |analog             ; analog      ; work         ;
;    |sw:a1|                 ; 27 (27)     ; 21           ; 0          ; 0    ; 0            ; 6 (6)        ; 0 (0)             ; 21 (21)          ; 19 (19)         ; 0 (0)      ; |analog|sw:a1       ; sw          ; work         ;
;    |sw:a2|                 ; 27 (27)     ; 21           ; 0          ; 0    ; 0            ; 6 (6)        ; 0 (0)             ; 21 (21)          ; 19 (19)         ; 0 (0)      ; |analog|sw:a2       ; sw          ; work         ;
;    |sw:c1|                 ; 27 (27)     ; 21           ; 0          ; 0    ; 0            ; 6 (6)        ; 0 (0)             ; 21 (21)          ; 19 (19)         ; 0 (0)      ; |analog|sw:c1       ; sw          ; work         ;
;    |sw:c2|                 ; 27 (27)     ; 21           ; 0          ; 0    ; 0            ; 6 (6)        ; 0 (0)             ; 21 (21)          ; 19 (19)         ; 0 (0)      ; |analog|sw:c2       ; sw          ; work         ;
;    |sw:c3|                 ; 27 (27)     ; 21           ; 0          ; 0    ; 0            ; 6 (6)        ; 0 (0)             ; 21 (21)          ; 19 (19)         ; 0 (0)      ; |analog|sw:c3       ; sw          ; work         ;
;    |sw:c4|                 ; 27 (27)     ; 21           ; 0          ; 0    ; 0            ; 6 (6)        ; 0 (0)             ; 21 (21)          ; 19 (19)         ; 0 (0)      ; |analog|sw:c4       ; sw          ; work         ;
+----------------------------+-------------+--------------+------------+------+--------------+--------------+-------------------+------------------+-----------------+------------+---------------------+-------------+--------------+
Note: For table entries with two numbers listed, the numbers in parentheses indicate the number of resources of the given type used by the specific entity alone. The numbers listed outside of parentheses indicate the total resources of the given type used by the specific entity and all of its sub-entities in the hierarchy.


+---------------------------------------------------------------------------------+
; Registers Removed During Synthesis                                              ;
+----------------------------------------+----------------------------------------+
; Register name                          ; Reason for Removal                     ;
+----------------------------------------+----------------------------------------+
; terminal_point_col[3..7]               ; Stuck at GND due to stuck port data_in ;
; terminal_point_row[1,2]                ; Stuck at GND due to stuck port data_in ;
; map_row[0][3]                          ; Stuck at VCC due to stuck port data_in ;
; map_row[0][4]                          ; Stuck at VCC due to stuck port data_in ;
; map_row[0][5]                          ; Stuck at VCC due to stuck port data_in ;
; map_row[0][6]                          ; Stuck at VCC due to stuck port data_in ;
; map_row[0][7]                          ; Stuck at VCC due to stuck port data_in ;
; map_row[1][5]                          ; Stuck at GND due to stuck port data_in ;
; map_row[1][6]                          ; Stuck at GND due to stuck port data_in ;
; map_row[2][0]                          ; Stuck at VCC due to stuck port data_in ;
; map_row[2][2]                          ; Stuck at VCC due to stuck port data_in ;
; map_row[2][7]                          ; Stuck at VCC due to stuck port data_in ;
; map_row[3][0]                          ; Stuck at VCC due to stuck port data_in ;
; map_row[3][1]                          ; Stuck at GND due to stuck port data_in ;
; map_row[3][3]                          ; Stuck at GND due to stuck port data_in ;
; map_row[4][0]                          ; Stuck at VCC due to stuck port data_in ;
; map_row[4][1]                          ; Stuck at GND due to stuck port data_in ;
; map_row[4][2]                          ; Stuck at VCC due to stuck port data_in ;
; map_row[4][5]                          ; Stuck at GND due to stuck port data_in ;
; map_row[5][0]                          ; Stuck at VCC due to stuck port data_in ;
; map_row[5][1]                          ; Stuck at GND due to stuck port data_in ;
; map_row[5][2]                          ; Stuck at VCC due to stuck port data_in ;
; map_row[5][3]                          ; Stuck at VCC due to stuck port data_in ;
; map_row[5][4]                          ; Stuck at VCC due to stuck port data_in ;
; map_row[5][6]                          ; Stuck at VCC due to stuck port data_in ;
; map_row[6][0]                          ; Stuck at VCC due to stuck port data_in ;
; map_row[6][1]                          ; Stuck at GND due to stuck port data_in ;
; map_row[6][2]                          ; Stuck at GND due to stuck port data_in ;
; map_row[6][3]                          ; Stuck at GND due to stuck port data_in ;
; map_row[6][4]                          ; Stuck at GND due to stuck port data_in ;
; map_row[6][5]                          ; Stuck at GND due to stuck port data_in ;
; map_row[6][7]                          ; Stuck at GND due to stuck port data_in ;
; map_row[7][0]                          ; Stuck at VCC due to stuck port data_in ;
; map_row[7][1]                          ; Stuck at VCC due to stuck port data_in ;
; map_row[7][2]                          ; Stuck at VCC due to stuck port data_in ;
; map_row[7][3]                          ; Stuck at VCC due to stuck port data_in ;
; map_row[7][4]                          ; Stuck at VCC due to stuck port data_in ;
; map_row[7][5]                          ; Stuck at VCC due to stuck port data_in ;
; map_row[7][6]                          ; Stuck at VCC due to stuck port data_in ;
; map_row[7][7]                          ; Merged with terminal_point_col[0]      ;
; map_row[6][6]                          ; Merged with terminal_point_col[0]      ;
; map_row[5][7]                          ; Merged with terminal_point_col[0]      ;
; map_row[5][5]                          ; Merged with terminal_point_col[0]      ;
; map_row[4][7]                          ; Merged with terminal_point_col[0]      ;
; map_row[4][6]                          ; Merged with terminal_point_col[0]      ;
; map_row[4][4]                          ; Merged with terminal_point_col[0]      ;
; map_row[4][3]                          ; Merged with terminal_point_col[0]      ;
; map_row[3][7]                          ; Merged with terminal_point_col[0]      ;
; map_row[3][6]                          ; Merged with terminal_point_col[0]      ;
; map_row[3][5]                          ; Merged with terminal_point_col[0]      ;
; map_row[3][4]                          ; Merged with terminal_point_col[0]      ;
; map_row[3][2]                          ; Merged with terminal_point_col[0]      ;
; map_row[2][6]                          ; Merged with terminal_point_col[0]      ;
; map_row[2][5]                          ; Merged with terminal_point_col[0]      ;
; map_row[2][4]                          ; Merged with terminal_point_col[0]      ;
; map_row[2][3]                          ; Merged with terminal_point_col[0]      ;
; map_row[2][1]                          ; Merged with terminal_point_col[0]      ;
; map_row[1][7]                          ; Merged with terminal_point_col[0]      ;
; map_row[1][4]                          ; Merged with terminal_point_col[0]      ;
; map_row[1][3]                          ; Merged with terminal_point_col[0]      ;
; map_row[1][2]                          ; Merged with terminal_point_col[0]      ;
; map_row[1][1]                          ; Merged with terminal_point_col[0]      ;
; map_row[1][0]                          ; Merged with terminal_point_col[0]      ;
; map_row[0][2]                          ; Merged with terminal_point_col[0]      ;
; map_row[0][1]                          ; Merged with terminal_point_col[0]      ;
; map_row[0][0]                          ; Merged with terminal_point_col[0]      ;
; start_point_row[0..2]                  ; Merged with terminal_point_col[0]      ;
; start_point_col[0..2]                  ; Merged with terminal_point_col[0]      ;
; terminal_point_row[0]                  ; Merged with terminal_point_col[0]      ;
; terminal_point_col[1,2]                ; Merged with terminal_point_col[0]      ;
; row_num[3]                             ; Stuck at GND due to stuck port data_in ;
; Total Number of Removed Registers = 81 ;                                        ;
+----------------------------------------+----------------------------------------+


+------------------------------------------------------+
; General Register Statistics                          ;
+----------------------------------------------+-------+
; Statistic                                    ; Value ;
+----------------------------------------------+-------+
; Total registers                              ; 202   ;
; Number of registers using Synchronous Clear  ; 7     ;
; Number of registers using Synchronous Load   ; 12    ;
; Number of registers using Asynchronous Clear ; 126   ;
; Number of registers using Asynchronous Load  ; 0     ;
; Number of registers using Clock Enable       ; 17    ;
; Number of registers using Preset             ; 0     ;
+----------------------------------------------+-------+


+-------------------------------------------------------------------------------------------------------------------------------------------+
; Multiplexer Restructuring Statistics (Restructuring Performed)                                                                            ;
+--------------------+-----------+---------------+----------------------+------------------------+------------+-----------------------------+
; Multiplexer Inputs ; Bus Width ; Baseline Area ; Area if Restructured ; Saving if Restructured ; Registered ; Example Multiplexer Output  ;
+--------------------+-----------+---------------+----------------------+------------------------+------------+-----------------------------+
; 3:1                ; 3 bits    ; 6 LEs         ; 6 LEs                ; 0 LEs                  ; Yes        ; |analog|location_col_num[0] ;
; 16:1               ; 8 bits    ; 80 LEs        ; 40 LEs               ; 40 LEs                 ; Yes        ; |analog|row[1]~reg0         ;
; 6:1                ; 7 bits    ; 28 LEs        ; 7 LEs                ; 21 LEs                 ; Yes        ; |analog|step_cnt[0]~reg0    ;
; 6:1                ; 2 bits    ; 8 LEs         ; 2 LEs                ; 6 LEs                  ; Yes        ; |analog|g_col[0]~reg0       ;
; 24:1               ; 6 bits    ; 96 LEs        ; 36 LEs               ; 60 LEs                 ; Yes        ; |analog|g_col[6]~reg0       ;
+--------------------+-----------+---------------+----------------------+------------------------+------------+-----------------------------+


+-------------------------------+
; Analysis & Synthesis Messages ;
+-------------------------------+
Info: *******************************************************************
Info: Running Quartus Prime Analysis & Synthesis
    Info: Version 18.0.0 Build 614 04/24/2018 SJ Lite Edition
    Info: Processing started: Wed Dec 26 10:30:07 2018
Info: Command: quartus_map --read_settings_files=on --write_settings_files=off analog -c analog
Warning (18236): Number of processors has not been specified which may cause overloading on shared machines.  Set the global assignment NUM_PARALLEL_PROCESSORS in your QSF to an appropriate value for best performance.
Info (20030): Parallel compilation is enabled and will use 4 of the 4 processors detected
Info (12021): Found 4 design units, including 4 entities, in source file analog.v
    Info (12023): Found entity 1: analog File: D:/intelFPGA_lite/18.0/analog/analog.v Line: 3
    Info (12023): Found entity 2: two_ten File: D:/intelFPGA_lite/18.0/analog/analog.v Line: 322
    Info (12023): Found entity 3: debounce File: D:/intelFPGA_lite/18.0/analog/analog.v Line: 349
    Info (12023): Found entity 4: sw File: D:/intelFPGA_lite/18.0/analog/analog.v Line: 416
Info (12127): Elaborating entity "analog" for the top level hierarchy
Warning (10036): Verilog HDL or VHDL warning at analog.v(59): object "maze_con" assigned a value but never read File: D:/intelFPGA_lite/18.0/analog/analog.v Line: 59
Warning (10230): Verilog HDL assignment warning at analog.v(144): truncated value with size 32 to match size of target (7) File: D:/intelFPGA_lite/18.0/analog/analog.v Line: 144
Warning (10230): Verilog HDL assignment warning at analog.v(145): truncated value with size 32 to match size of target (3) File: D:/intelFPGA_lite/18.0/analog/analog.v Line: 145
Warning (10230): Verilog HDL assignment warning at analog.v(155): truncated value with size 32 to match size of target (7) File: D:/intelFPGA_lite/18.0/analog/analog.v Line: 155
Warning (10230): Verilog HDL assignment warning at analog.v(156): truncated value with size 32 to match size of target (3) File: D:/intelFPGA_lite/18.0/analog/analog.v Line: 156
Warning (10230): Verilog HDL assignment warning at analog.v(168): truncated value with size 32 to match size of target (7) File: D:/intelFPGA_lite/18.0/analog/analog.v Line: 168
Warning (10230): Verilog HDL assignment warning at analog.v(169): truncated value with size 32 to match size of target (3) File: D:/intelFPGA_lite/18.0/analog/analog.v Line: 169
Warning (10230): Verilog HDL assignment warning at analog.v(180): truncated value with size 32 to match size of target (7) File: D:/intelFPGA_lite/18.0/analog/analog.v Line: 180
Warning (10230): Verilog HDL assignment warning at analog.v(181): truncated value with size 32 to match size of target (3) File: D:/intelFPGA_lite/18.0/analog/analog.v Line: 181
Warning (10230): Verilog HDL assignment warning at analog.v(219): truncated value with size 32 to match size of target (4) File: D:/intelFPGA_lite/18.0/analog/analog.v Line: 219
Info (12128): Elaborating entity "sw" for hierarchy "sw:a1" File: D:/intelFPGA_lite/18.0/analog/analog.v Line: 68
Warning (10230): Verilog HDL assignment warning at analog.v(425): truncated value with size 32 to match size of target (20) File: D:/intelFPGA_lite/18.0/analog/analog.v Line: 425
Warning (21074): Design contains 1 input pin(s) that do not drive logic
    Warning (15610): No output dependent on input pin "rst" File: D:/intelFPGA_lite/18.0/analog/analog.v Line: 6
Info (21057): Implemented 435 device resources after synthesis - the final resource count might be different
    Info (21058): Implemented 13 input pins
    Info (21059): Implemented 32 output pins
    Info (21061): Implemented 390 logic cells
Info (144001): Generated suppressed messages file D:/intelFPGA_lite/18.0/analog/output_files/analog.map.smsg
Info: Quartus Prime Analysis & Synthesis was successful. 0 errors, 14 warnings
    Info: Peak virtual memory: 4741 megabytes
    Info: Processing ended: Wed Dec 26 10:30:40 2018
    Info: Elapsed time: 00:00:33
    Info: Total CPU time (on all processors): 00:01:05


+------------------------------------------+
; Analysis & Synthesis Suppressed Messages ;
+------------------------------------------+
The suppressed messages can be found in D:/intelFPGA_lite/18.0/analog/output_files/analog.map.smsg.


